mode: set
github.com/colussim/GoLC/pkg/devops/getbitbucket/v2/getbitbucket.go:117.90,120.2 2 0
github.com/colussim/GoLC/pkg/devops/getbitbucket/v2/getbitbucket.go:123.84,126.2 2 0
github.com/colussim/GoLC/pkg/devops/getbitbucket/v2/getbitbucket.go:128.121,148.16 14 0
github.com/colussim/GoLC/pkg/devops/getbitbucket/v2/getbitbucket.go:148.16,152.3 3 0
github.com/colussim/GoLC/pkg/devops/getbitbucket/v2/getbitbucket.go:154.2,160.42 5 0
github.com/colussim/GoLC/pkg/devops/getbitbucket/v2/getbitbucket.go:160.42,163.17 2 0
github.com/colussim/GoLC/pkg/devops/getbitbucket/v2/getbitbucket.go:163.17,167.4 3 0
github.com/colussim/GoLC/pkg/devops/getbitbucket/v2/getbitbucket.go:168.8,168.30 1 0
github.com/colussim/GoLC/pkg/devops/getbitbucket/v2/getbitbucket.go:168.30,171.17 2 0
github.com/colussim/GoLC/pkg/devops/getbitbucket/v2/getbitbucket.go:171.17,174.4 2 0
github.com/colussim/GoLC/pkg/devops/getbitbucket/v2/getbitbucket.go:176.2,180.16 4 0
github.com/colussim/GoLC/pkg/devops/getbitbucket/v2/getbitbucket.go:180.16,183.3 2 0
github.com/colussim/GoLC/pkg/devops/getbitbucket/v2/getbitbucket.go:185.2,191.43 3 0
github.com/colussim/GoLC/pkg/devops/getbitbucket/v2/getbitbucket.go:191.43,194.3 2 0
github.com/colussim/GoLC/pkg/devops/getbitbucket/v2/getbitbucket.go:196.2,208.31 3 0
github.com/colussim/GoLC/pkg/devops/getbitbucket/v2/getbitbucket.go:211.96,216.43 3 0
github.com/colussim/GoLC/pkg/devops/getbitbucket/v2/getbitbucket.go:216.43,217.43 1 0
github.com/colussim/GoLC/pkg/devops/getbitbucket/v2/getbitbucket.go:217.43,222.4 3 0
github.com/colussim/GoLC/pkg/devops/getbitbucket/v2/getbitbucket.go:223.3,223.35 1 0
github.com/colussim/GoLC/pkg/devops/getbitbucket/v2/getbitbucket.go:225.2,225.38 1 0
github.com/colussim/GoLC/pkg/devops/getbitbucket/v2/getbitbucket.go:228.51,232.2 3 0
github.com/colussim/GoLC/pkg/devops/getbitbucket/v2/getbitbucket.go:234.87,235.26 1 0
github.com/colussim/GoLC/pkg/devops/getbitbucket/v2/getbitbucket.go:235.26,240.3 1 0
github.com/colussim/GoLC/pkg/devops/getbitbucket/v2/getbitbucket.go:241.2,241.47 1 0
github.com/colussim/GoLC/pkg/devops/getbitbucket/v2/getbitbucket.go:244.85,249.16 3 0
github.com/colussim/GoLC/pkg/devops/getbitbucket/v2/getbitbucket.go:249.16,251.3 1 0
github.com/colussim/GoLC/pkg/devops/getbitbucket/v2/getbitbucket.go:252.2,256.16 4 0
github.com/colussim/GoLC/pkg/devops/getbitbucket/v2/getbitbucket.go:256.16,258.3 1 0
github.com/colussim/GoLC/pkg/devops/getbitbucket/v2/getbitbucket.go:259.2,262.16 3 0
github.com/colussim/GoLC/pkg/devops/getbitbucket/v2/getbitbucket.go:262.16,264.3 1 0
github.com/colussim/GoLC/pkg/devops/getbitbucket/v2/getbitbucket.go:266.2,266.97 1 0
github.com/colussim/GoLC/pkg/devops/getbitbucket/v2/getbitbucket.go:266.97,269.3 1 0
github.com/colussim/GoLC/pkg/devops/getbitbucket/v2/getbitbucket.go:271.2,273.16 3 0
github.com/colussim/GoLC/pkg/devops/getbitbucket/v2/getbitbucket.go:273.16,275.3 1 0
github.com/colussim/GoLC/pkg/devops/getbitbucket/v2/getbitbucket.go:277.2,277.29 1 0
github.com/colussim/GoLC/pkg/devops/getbitbucket/v2/getbitbucket.go:281.234,301.2 1 0
github.com/colussim/GoLC/pkg/devops/getbitbucket/v2/getbitbucket.go:303.126,309.16 4 0
github.com/colussim/GoLC/pkg/devops/getbitbucket/v2/getbitbucket.go:309.16,311.3 1 0
github.com/colussim/GoLC/pkg/devops/getbitbucket/v2/getbitbucket.go:313.2,313.44 1 0
github.com/colussim/GoLC/pkg/devops/getbitbucket/v2/getbitbucket.go:313.44,314.52 1 0
github.com/colussim/GoLC/pkg/devops/getbitbucket/v2/getbitbucket.go:314.52,316.12 2 0
github.com/colussim/GoLC/pkg/devops/getbitbucket/v2/getbitbucket.go:319.3,325.5 1 0
github.com/colussim/GoLC/pkg/devops/getbitbucket/v2/getbitbucket.go:328.2,328.37 1 0
github.com/colussim/GoLC/pkg/devops/getbitbucket/v2/getbitbucket.go:331.145,340.16 4 0
github.com/colussim/GoLC/pkg/devops/getbitbucket/v2/getbitbucket.go:340.16,344.3 3 0
github.com/colussim/GoLC/pkg/devops/getbitbucket/v2/getbitbucket.go:346.2,346.55 1 0
github.com/colussim/GoLC/pkg/devops/getbitbucket/v2/getbitbucket.go:346.55,352.3 4 0
github.com/colussim/GoLC/pkg/devops/getbitbucket/v2/getbitbucket.go:352.8,361.3 1 0
github.com/colussim/GoLC/pkg/devops/getbitbucket/v2/getbitbucket.go:363.2,363.37 1 0
github.com/colussim/GoLC/pkg/devops/getbitbucket/v2/getbitbucket.go:366.102,385.31 14 0
github.com/colussim/GoLC/pkg/devops/getbitbucket/v2/getbitbucket.go:385.31,387.3 1 0
github.com/colussim/GoLC/pkg/devops/getbitbucket/v2/getbitbucket.go:387.8,389.3 1 0
github.com/colussim/GoLC/pkg/devops/getbitbucket/v2/getbitbucket.go:390.2,394.42 3 0
github.com/colussim/GoLC/pkg/devops/getbitbucket/v2/getbitbucket.go:394.42,399.17 3 0
github.com/colussim/GoLC/pkg/devops/getbitbucket/v2/getbitbucket.go:399.17,400.36 1 0
github.com/colussim/GoLC/pkg/devops/getbitbucket/v2/getbitbucket.go:400.36,403.13 3 0
github.com/colussim/GoLC/pkg/devops/getbitbucket/v2/getbitbucket.go:404.10,408.5 3 0
github.com/colussim/GoLC/pkg/devops/getbitbucket/v2/getbitbucket.go:410.3,414.31 4 0
github.com/colussim/GoLC/pkg/devops/getbitbucket/v2/getbitbucket.go:414.31,417.4 2 0
github.com/colussim/GoLC/pkg/devops/getbitbucket/v2/getbitbucket.go:417.9,420.4 2 0
github.com/colussim/GoLC/pkg/devops/getbitbucket/v2/getbitbucket.go:422.3,422.30 1 0
github.com/colussim/GoLC/pkg/devops/getbitbucket/v2/getbitbucket.go:422.30,425.18 2 0
github.com/colussim/GoLC/pkg/devops/getbitbucket/v2/getbitbucket.go:425.18,428.5 1 0
github.com/colussim/GoLC/pkg/devops/getbitbucket/v2/getbitbucket.go:430.4,439.9 3 0
github.com/colussim/GoLC/pkg/devops/getbitbucket/v2/getbitbucket.go:442.3,442.22 1 0
github.com/colussim/GoLC/pkg/devops/getbitbucket/v2/getbitbucket.go:446.2,446.93 1 0
github.com/colussim/GoLC/pkg/devops/getbitbucket/v2/getbitbucket.go:449.118,454.6 4 0
github.com/colussim/GoLC/pkg/devops/getbitbucket/v2/getbitbucket.go:454.6,460.17 2 0
github.com/colussim/GoLC/pkg/devops/getbitbucket/v2/getbitbucket.go:460.17,462.4 1 0
github.com/colussim/GoLC/pkg/devops/getbitbucket/v2/getbitbucket.go:464.3,465.17 2 0
github.com/colussim/GoLC/pkg/devops/getbitbucket/v2/getbitbucket.go:465.17,467.4 1 0
github.com/colussim/GoLC/pkg/devops/getbitbucket/v2/getbitbucket.go:468.3,472.50 4 0
github.com/colussim/GoLC/pkg/devops/getbitbucket/v2/getbitbucket.go:472.50,473.9 1 0
github.com/colussim/GoLC/pkg/devops/getbitbucket/v2/getbitbucket.go:476.3,476.9 1 0
github.com/colussim/GoLC/pkg/devops/getbitbucket/v2/getbitbucket.go:479.2,479.59 1 0
github.com/colussim/GoLC/pkg/devops/getbitbucket/v2/getbitbucket.go:482.145,486.33 3 0
github.com/colussim/GoLC/pkg/devops/getbitbucket/v2/getbitbucket.go:486.33,488.39 1 0
github.com/colussim/GoLC/pkg/devops/getbitbucket/v2/getbitbucket.go:488.39,490.66 2 0
github.com/colussim/GoLC/pkg/devops/getbitbucket/v2/getbitbucket.go:490.66,492.13 2 0
github.com/colussim/GoLC/pkg/devops/getbitbucket/v2/getbitbucket.go:495.4,496.18 2 0
github.com/colussim/GoLC/pkg/devops/getbitbucket/v2/getbitbucket.go:496.18,498.5 1 0
github.com/colussim/GoLC/pkg/devops/getbitbucket/v2/getbitbucket.go:499.4,499.15 1 0
github.com/colussim/GoLC/pkg/devops/getbitbucket/v2/getbitbucket.go:499.15,501.13 2 0
github.com/colussim/GoLC/pkg/devops/getbitbucket/v2/getbitbucket.go:503.4,503.42 1 0
github.com/colussim/GoLC/pkg/devops/getbitbucket/v2/getbitbucket.go:505.8,508.39 2 0
github.com/colussim/GoLC/pkg/devops/getbitbucket/v2/getbitbucket.go:508.39,510.38 1 0
github.com/colussim/GoLC/pkg/devops/getbitbucket/v2/getbitbucket.go:510.38,514.67 3 0
github.com/colussim/GoLC/pkg/devops/getbitbucket/v2/getbitbucket.go:514.67,519.6 4 0
github.com/colussim/GoLC/pkg/devops/getbitbucket/v2/getbitbucket.go:521.5,522.19 2 0
github.com/colussim/GoLC/pkg/devops/getbitbucket/v2/getbitbucket.go:522.19,524.6 1 0
github.com/colussim/GoLC/pkg/devops/getbitbucket/v2/getbitbucket.go:525.5,525.16 1 0
github.com/colussim/GoLC/pkg/devops/getbitbucket/v2/getbitbucket.go:525.16,530.6 4 0
github.com/colussim/GoLC/pkg/devops/getbitbucket/v2/getbitbucket.go:532.5,533.10 2 0
github.com/colussim/GoLC/pkg/devops/getbitbucket/v2/getbitbucket.go:537.3,537.17 1 0
github.com/colussim/GoLC/pkg/devops/getbitbucket/v2/getbitbucket.go:537.17,539.4 1 0
github.com/colussim/GoLC/pkg/devops/getbitbucket/v2/getbitbucket.go:541.2,541.59 1 0
github.com/colussim/GoLC/pkg/devops/getbitbucket/v2/getbitbucket.go:545.109,550.16 3 0
github.com/colussim/GoLC/pkg/devops/getbitbucket/v2/getbitbucket.go:550.16,552.3 1 0
github.com/colussim/GoLC/pkg/devops/getbitbucket/v2/getbitbucket.go:554.2,554.22 1 0
github.com/colussim/GoLC/pkg/devops/getbitbucket/v2/getbitbucket.go:554.22,557.17 3 0
github.com/colussim/GoLC/pkg/devops/getbitbucket/v2/getbitbucket.go:557.17,559.4 1 0
github.com/colussim/GoLC/pkg/devops/getbitbucket/v2/getbitbucket.go:562.2,562.32 1 0
github.com/colussim/GoLC/pkg/devops/getbitbucket/v2/getbitbucket.go:562.32,564.3 1 0
github.com/colussim/GoLC/pkg/devops/getbitbucket/v2/getbitbucket.go:566.2,566.19 1 0
github.com/colussim/GoLC/pkg/devops/getbitbucket/v2/getbitbucket.go:569.69,571.16 2 0
github.com/colussim/GoLC/pkg/devops/getbitbucket/v2/getbitbucket.go:571.16,573.3 1 0
github.com/colussim/GoLC/pkg/devops/getbitbucket/v2/getbitbucket.go:574.2,578.16 4 0
github.com/colussim/GoLC/pkg/devops/getbitbucket/v2/getbitbucket.go:578.16,580.3 1 0
github.com/colussim/GoLC/pkg/devops/getbitbucket/v2/getbitbucket.go:581.2,584.16 3 0
github.com/colussim/GoLC/pkg/devops/getbitbucket/v2/getbitbucket.go:584.16,586.3 1 0
github.com/colussim/GoLC/pkg/devops/getbitbucket/v2/getbitbucket.go:588.2,588.99 1 0
github.com/colussim/GoLC/pkg/devops/getbitbucket/v2/getbitbucket.go:588.99,591.3 1 0
github.com/colussim/GoLC/pkg/devops/getbitbucket/v2/getbitbucket.go:593.2,595.16 3 0
github.com/colussim/GoLC/pkg/devops/getbitbucket/v2/getbitbucket.go:595.16,597.3 1 0
github.com/colussim/GoLC/pkg/devops/getbitbucket/v2/getbitbucket.go:599.2,599.24 1 0
github.com/colussim/GoLC/pkg/devops/getbitbucket/v2/getbitbucket.go:602.169,612.52 7 0
github.com/colussim/GoLC/pkg/devops/getbitbucket/v2/getbitbucket.go:612.52,614.21 2 0
github.com/colussim/GoLC/pkg/devops/getbitbucket/v2/getbitbucket.go:614.21,616.4 1 0
github.com/colussim/GoLC/pkg/devops/getbitbucket/v2/getbitbucket.go:616.9,616.42 1 0
github.com/colussim/GoLC/pkg/devops/getbitbucket/v2/getbitbucket.go:616.42,618.4 1 0
github.com/colussim/GoLC/pkg/devops/getbitbucket/v2/getbitbucket.go:619.3,620.17 2 0
github.com/colussim/GoLC/pkg/devops/getbitbucket/v2/getbitbucket.go:620.17,623.4 2 0
github.com/colussim/GoLC/pkg/devops/getbitbucket/v2/getbitbucket.go:624.3,624.17 1 0
github.com/colussim/GoLC/pkg/devops/getbitbucket/v2/getbitbucket.go:626.8,628.17 2 0
github.com/colussim/GoLC/pkg/devops/getbitbucket/v2/getbitbucket.go:628.17,631.4 2 0
github.com/colussim/GoLC/pkg/devops/getbitbucket/v2/getbitbucket.go:634.3,635.17 2 0
github.com/colussim/GoLC/pkg/devops/getbitbucket/v2/getbitbucket.go:635.17,638.4 2 0
github.com/colussim/GoLC/pkg/devops/getbitbucket/v2/getbitbucket.go:639.3,639.33 1 0
github.com/colussim/GoLC/pkg/devops/getbitbucket/v2/getbitbucket.go:643.2,648.53 3 0
github.com/colussim/GoLC/pkg/devops/getbitbucket/v2/getbitbucket.go:651.168,660.16 3 0
github.com/colussim/GoLC/pkg/devops/getbitbucket/v2/getbitbucket.go:660.16,663.3 2 0
github.com/colussim/GoLC/pkg/devops/getbitbucket/v2/getbitbucket.go:664.2,664.47 1 0
github.com/colussim/GoLC/pkg/devops/getbitbucket/v2/getbitbucket.go:664.47,667.3 2 0
github.com/colussim/GoLC/pkg/devops/getbitbucket/v2/getbitbucket.go:669.2,669.44 1 0
github.com/colussim/GoLC/pkg/devops/getbitbucket/v2/getbitbucket.go:673.114,682.6 4 0
github.com/colussim/GoLC/pkg/devops/getbitbucket/v2/getbitbucket.go:682.6,688.17 3 0
github.com/colussim/GoLC/pkg/devops/getbitbucket/v2/getbitbucket.go:688.17,690.4 1 0
github.com/colussim/GoLC/pkg/devops/getbitbucket/v2/getbitbucket.go:693.3,693.39 1 0
github.com/colussim/GoLC/pkg/devops/getbitbucket/v2/getbitbucket.go:693.39,696.4 2 0
github.com/colussim/GoLC/pkg/devops/getbitbucket/v2/getbitbucket.go:699.3,699.50 1 0
github.com/colussim/GoLC/pkg/devops/getbitbucket/v2/getbitbucket.go:699.50,700.9 1 0
github.com/colussim/GoLC/pkg/devops/getbitbucket/v2/getbitbucket.go:703.3,703.9 1 0
github.com/colussim/GoLC/pkg/devops/getbitbucket/v2/getbitbucket.go:706.2,706.25 1 0
github.com/colussim/GoLC/pkg/devops/getbitbucket/v2/getbitbucket.go:708.141,712.34 3 0
github.com/colussim/GoLC/pkg/devops/getbitbucket/v2/getbitbucket.go:712.34,714.17 2 0
github.com/colussim/GoLC/pkg/devops/getbitbucket/v2/getbitbucket.go:714.17,716.12 2 0
github.com/colussim/GoLC/pkg/devops/getbitbucket/v2/getbitbucket.go:718.3,718.24 1 0
github.com/colussim/GoLC/pkg/devops/getbitbucket/v2/getbitbucket.go:718.24,720.4 1 0
github.com/colussim/GoLC/pkg/devops/getbitbucket/v2/getbitbucket.go:720.9,722.4 1 0
github.com/colussim/GoLC/pkg/devops/getbitbucket/v2/getbitbucket.go:724.3,724.30 1 0
github.com/colussim/GoLC/pkg/devops/getbitbucket/v2/getbitbucket.go:724.30,727.4 2 0
github.com/colussim/GoLC/pkg/devops/getbitbucket/v2/getbitbucket.go:731.2,731.29 1 0
github.com/colussim/GoLC/pkg/devops/getbitbucket/v2/getbitbucket.go:731.29,733.3 1 0
github.com/colussim/GoLC/pkg/devops/getbitbucket/v2/getbitbucket.go:735.2,735.38 1 0
github.com/colussim/GoLC/pkg/devops/getbitbucket/v2/getbitbucket.go:738.131,747.16 4 0
github.com/colussim/GoLC/pkg/devops/getbitbucket/v2/getbitbucket.go:747.16,749.3 1 0
github.com/colussim/GoLC/pkg/devops/getbitbucket/v2/getbitbucket.go:751.2,752.84 2 0
github.com/colussim/GoLC/pkg/devops/getbitbucket/v2/getbitbucket.go:752.84,755.17 3 0
github.com/colussim/GoLC/pkg/devops/getbitbucket/v2/getbitbucket.go:755.17,757.12 2 0
github.com/colussim/GoLC/pkg/devops/getbitbucket/v2/getbitbucket.go:760.3,760.34 1 0
github.com/colussim/GoLC/pkg/devops/getbitbucket/v2/getbitbucket.go:760.34,762.4 1 0
github.com/colussim/GoLC/pkg/devops/getbitbucket/v2/getbitbucket.go:765.2,765.27 1 0
github.com/colussim/GoLC/pkg/devops/getbitbucket/v2/getbitbucket.go:768.46,771.16 2 0
github.com/colussim/GoLC/pkg/devops/getbitbucket/v2/getbitbucket.go:771.16,774.3 2 0
github.com/colussim/GoLC/pkg/devops/getbitbucket/v2/getbitbucket.go:775.2,781.47 3 0
github.com/colussim/GoLC/pkg/devops/getbitbucket/v2/getbitbucket.go:781.47,784.3 2 0
github.com/colussim/GoLC/pkg/devops/getbitbucket/v2/getbitbucket.go:786.2,787.12 2 0
github.com/colussim/GoLC/pkg/devops/getgitlab/getgitlab.go:61.66,66.16 3 0
github.com/colussim/GoLC/pkg/devops/getgitlab/getgitlab.go:66.16,68.3 1 0
github.com/colussim/GoLC/pkg/devops/getgitlab/getgitlab.go:69.2,72.21 3 0
github.com/colussim/GoLC/pkg/devops/getgitlab/getgitlab.go:72.21,74.21 2 0
github.com/colussim/GoLC/pkg/devops/getgitlab/getgitlab.go:74.21,77.4 1 0
github.com/colussim/GoLC/pkg/devops/getgitlab/getgitlab.go:80.2,80.38 1 0
github.com/colussim/GoLC/pkg/devops/getgitlab/getgitlab.go:80.38,82.3 1 0
github.com/colussim/GoLC/pkg/devops/getgitlab/getgitlab.go:84.2,84.23 1 0
github.com/colussim/GoLC/pkg/devops/getgitlab/getgitlab.go:88.115,94.16 2 0
github.com/colussim/GoLC/pkg/devops/getgitlab/getgitlab.go:94.16,96.3 1 0
github.com/colussim/GoLC/pkg/devops/getgitlab/getgitlab.go:97.2,97.26 1 0
github.com/colussim/GoLC/pkg/devops/getgitlab/getgitlab.go:101.94,103.16 2 0
github.com/colussim/GoLC/pkg/devops/getgitlab/getgitlab.go:103.16,105.3 1 0
github.com/colussim/GoLC/pkg/devops/getgitlab/getgitlab.go:107.2,108.16 2 0
github.com/colussim/GoLC/pkg/devops/getgitlab/getgitlab.go:108.16,110.3 1 0
github.com/colussim/GoLC/pkg/devops/getgitlab/getgitlab.go:112.2,113.16 2 0
github.com/colussim/GoLC/pkg/devops/getgitlab/getgitlab.go:113.16,115.3 1 0
github.com/colussim/GoLC/pkg/devops/getgitlab/getgitlab.go:117.2,117.37 1 0
github.com/colussim/GoLC/pkg/devops/getgitlab/getgitlab.go:117.37,119.17 2 0
github.com/colussim/GoLC/pkg/devops/getgitlab/getgitlab.go:119.17,121.4 1 0
github.com/colussim/GoLC/pkg/devops/getgitlab/getgitlab.go:122.3,122.51 1 0
github.com/colussim/GoLC/pkg/devops/getgitlab/getgitlab.go:125.2,125.22 1 0
github.com/colussim/GoLC/pkg/devops/getgitlab/getgitlab.go:129.79,132.2 2 0
github.com/colussim/GoLC/pkg/devops/getgitlab/getgitlab.go:135.88,138.2 2 0
github.com/colussim/GoLC/pkg/devops/getgitlab/getgitlab.go:141.96,144.6 3 0
github.com/colussim/GoLC/pkg/devops/getgitlab/getgitlab.go:144.6,153.17 3 0
github.com/colussim/GoLC/pkg/devops/getgitlab/getgitlab.go:153.17,155.4 1 0
github.com/colussim/GoLC/pkg/devops/getgitlab/getgitlab.go:157.3,160.42 2 0
github.com/colussim/GoLC/pkg/devops/getgitlab/getgitlab.go:160.42,161.9 1 0
github.com/colussim/GoLC/pkg/devops/getgitlab/getgitlab.go:165.3,165.9 1 0
github.com/colussim/GoLC/pkg/devops/getgitlab/getgitlab.go:167.2,167.22 1 0
github.com/colussim/GoLC/pkg/devops/getgitlab/getgitlab.go:171.81,175.42 2 0
github.com/colussim/GoLC/pkg/devops/getgitlab/getgitlab.go:175.42,176.18 1 0
github.com/colussim/GoLC/pkg/devops/getgitlab/getgitlab.go:176.18,178.4 1 0
github.com/colussim/GoLC/pkg/devops/getgitlab/getgitlab.go:178.9,182.4 1 0
github.com/colussim/GoLC/pkg/devops/getgitlab/getgitlab.go:185.2,185.18 1 0
github.com/colussim/GoLC/pkg/devops/getgitlab/getgitlab.go:189.95,192.2 2 0
github.com/colussim/GoLC/pkg/devops/getgitlab/getgitlab.go:195.108,202.6 4 0
github.com/colussim/GoLC/pkg/devops/getgitlab/getgitlab.go:202.6,212.17 3 0
github.com/colussim/GoLC/pkg/devops/getgitlab/getgitlab.go:212.17,214.4 1 0
github.com/colussim/GoLC/pkg/devops/getgitlab/getgitlab.go:215.3,216.42 2 0
github.com/colussim/GoLC/pkg/devops/getgitlab/getgitlab.go:216.42,217.9 1 0
github.com/colussim/GoLC/pkg/devops/getgitlab/getgitlab.go:219.3,219.9 1 0
github.com/colussim/GoLC/pkg/devops/getgitlab/getgitlab.go:222.2,225.34 3 0
github.com/colussim/GoLC/pkg/devops/getgitlab/getgitlab.go:225.34,227.17 2 0
github.com/colussim/GoLC/pkg/devops/getgitlab/getgitlab.go:227.17,229.4 1 0
github.com/colussim/GoLC/pkg/devops/getgitlab/getgitlab.go:230.3,230.32 1 0
github.com/colussim/GoLC/pkg/devops/getgitlab/getgitlab.go:230.32,233.4 2 0
github.com/colussim/GoLC/pkg/devops/getgitlab/getgitlab.go:237.2,237.22 1 0
github.com/colussim/GoLC/pkg/devops/getgitlab/getgitlab.go:237.22,240.17 2 0
github.com/colussim/GoLC/pkg/devops/getgitlab/getgitlab.go:240.17,242.4 1 0
github.com/colussim/GoLC/pkg/devops/getgitlab/getgitlab.go:243.3,245.56 3 0
github.com/colussim/GoLC/pkg/devops/getgitlab/getgitlab.go:248.2,249.55 2 0
github.com/colussim/GoLC/pkg/devops/getgitlab/getgitlab.go:253.73,255.45 1 0
github.com/colussim/GoLC/pkg/devops/getgitlab/getgitlab.go:255.45,257.3 1 0
github.com/colussim/GoLC/pkg/devops/getgitlab/getgitlab.go:260.2,260.42 1 0
github.com/colussim/GoLC/pkg/devops/getgitlab/getgitlab.go:260.42,261.51 1 0
github.com/colussim/GoLC/pkg/devops/getgitlab/getgitlab.go:261.51,263.4 1 0
github.com/colussim/GoLC/pkg/devops/getgitlab/getgitlab.go:266.2,266.14 1 0
github.com/colussim/GoLC/pkg/devops/getgitlab/getgitlab.go:270.46,273.16 2 0
github.com/colussim/GoLC/pkg/devops/getgitlab/getgitlab.go:273.16,276.3 2 0
github.com/colussim/GoLC/pkg/devops/getgitlab/getgitlab.go:277.2,283.47 3 0
github.com/colussim/GoLC/pkg/devops/getgitlab/getgitlab.go:283.47,286.3 2 0
github.com/colussim/GoLC/pkg/devops/getgitlab/getgitlab.go:288.2,289.12 2 0
github.com/colussim/GoLC/pkg/devops/getgitlab/getgitlab.go:292.80,296.88 2 0
github.com/colussim/GoLC/pkg/devops/getgitlab/getgitlab.go:296.88,298.3 1 0
github.com/colussim/GoLC/pkg/devops/getgitlab/getgitlab.go:301.2,301.73 1 0
github.com/colussim/GoLC/pkg/devops/getgitlab/getgitlab.go:301.73,302.39 1 0
github.com/colussim/GoLC/pkg/devops/getgitlab/getgitlab.go:302.39,304.4 1 0
github.com/colussim/GoLC/pkg/devops/getgitlab/getgitlab.go:305.3,305.38 1 0
github.com/colussim/GoLC/pkg/devops/getgitlab/getgitlab.go:305.38,307.4 1 0
github.com/colussim/GoLC/pkg/devops/getgitlab/getgitlab.go:310.2,326.33 7 0
github.com/colussim/GoLC/pkg/devops/getgitlab/getgitlab.go:330.191,332.20 2 0
github.com/colussim/GoLC/pkg/devops/getgitlab/getgitlab.go:332.20,335.3 2 0
github.com/colussim/GoLC/pkg/devops/getgitlab/getgitlab.go:336.2,336.23 1 0
github.com/colussim/GoLC/pkg/devops/getgitlab/getgitlab.go:336.23,339.3 2 0
github.com/colussim/GoLC/pkg/devops/getgitlab/getgitlab.go:340.2,340.25 1 0
github.com/colussim/GoLC/pkg/devops/getgitlab/getgitlab.go:340.25,343.3 2 0
github.com/colussim/GoLC/pkg/devops/getgitlab/getgitlab.go:345.2,349.29 5 0
github.com/colussim/GoLC/pkg/devops/getgitlab/getgitlab.go:352.139,353.58 1 0
github.com/colussim/GoLC/pkg/devops/getgitlab/getgitlab.go:353.58,355.3 1 0
github.com/colussim/GoLC/pkg/devops/getgitlab/getgitlab.go:357.2,357.23 1 0
github.com/colussim/GoLC/pkg/devops/getgitlab/getgitlab.go:357.23,360.3 2 0
github.com/colussim/GoLC/pkg/devops/getgitlab/getgitlab.go:362.2,362.22 1 0
github.com/colussim/GoLC/pkg/devops/getgitlab/getgitlab.go:362.22,365.3 2 0
github.com/colussim/GoLC/pkg/devops/getgitlab/getgitlab.go:367.2,367.28 1 0
github.com/colussim/GoLC/pkg/devops/getgitlab/getgitlab.go:370.131,372.16 2 0
github.com/colussim/GoLC/pkg/devops/getgitlab/getgitlab.go:372.16,374.3 1 0
github.com/colussim/GoLC/pkg/devops/getgitlab/getgitlab.go:375.2,375.46 1 0
github.com/colussim/GoLC/pkg/devops/getgitlab/getgitlab.go:378.110,403.26 17 0
github.com/colussim/GoLC/pkg/devops/getgitlab/getgitlab.go:403.26,406.3 1 0
github.com/colussim/GoLC/pkg/devops/getgitlab/getgitlab.go:406.8,409.18 2 0
github.com/colussim/GoLC/pkg/devops/getgitlab/getgitlab.go:409.18,413.4 3 0
github.com/colussim/GoLC/pkg/devops/getgitlab/getgitlab.go:417.2,418.16 2 0
github.com/colussim/GoLC/pkg/devops/getgitlab/getgitlab.go:418.16,420.3 1 0
github.com/colussim/GoLC/pkg/devops/getgitlab/getgitlab.go:423.2,423.44 1 0
github.com/colussim/GoLC/pkg/devops/getgitlab/getgitlab.go:423.44,428.47 2 0
github.com/colussim/GoLC/pkg/devops/getgitlab/getgitlab.go:428.47,431.18 2 0
github.com/colussim/GoLC/pkg/devops/getgitlab/getgitlab.go:431.18,433.5 1 0
github.com/colussim/GoLC/pkg/devops/getgitlab/getgitlab.go:435.4,441.37 5 0
github.com/colussim/GoLC/pkg/devops/getgitlab/getgitlab.go:441.37,455.5 3 0
github.com/colussim/GoLC/pkg/devops/getgitlab/getgitlab.go:457.9,468.18 7 0
github.com/colussim/GoLC/pkg/devops/getgitlab/getgitlab.go:468.18,470.5 1 0
github.com/colussim/GoLC/pkg/devops/getgitlab/getgitlab.go:472.4,482.19 3 0
github.com/colussim/GoLC/pkg/devops/getgitlab/getgitlab.go:489.8,492.10 1 0
github.com/colussim/GoLC/pkg/devops/getgitlab/getgitlab.go:493.92,509.18 2 0
github.com/colussim/GoLC/pkg/devops/getgitlab/getgitlab.go:509.18,511.5 1 0
github.com/colussim/GoLC/pkg/devops/getgitlab/getgitlab.go:513.4,513.37 1 0
github.com/colussim/GoLC/pkg/devops/getgitlab/getgitlab.go:513.37,518.17 3 0
github.com/colussim/GoLC/pkg/devops/getgitlab/getgitlab.go:518.17,520.14 2 0
github.com/colussim/GoLC/pkg/devops/getgitlab/getgitlab.go:522.5,522.26 1 0
github.com/colussim/GoLC/pkg/devops/getgitlab/getgitlab.go:522.26,523.14 1 0
github.com/colussim/GoLC/pkg/devops/getgitlab/getgitlab.go:526.5,531.19 5 0
github.com/colussim/GoLC/pkg/devops/getgitlab/getgitlab.go:531.19,534.6 2 0
github.com/colussim/GoLC/pkg/devops/getgitlab/getgitlab.go:536.5,548.39 6 0
github.com/colussim/GoLC/pkg/devops/getgitlab/getgitlab.go:556.92,565.18 6 0
github.com/colussim/GoLC/pkg/devops/getgitlab/getgitlab.go:565.18,567.5 1 0
github.com/colussim/GoLC/pkg/devops/getgitlab/getgitlab.go:569.4,570.37 2 0
github.com/colussim/GoLC/pkg/devops/getgitlab/getgitlab.go:570.37,573.5 1 0
github.com/colussim/GoLC/pkg/devops/getgitlab/getgitlab.go:575.4,580.18 5 0
github.com/colussim/GoLC/pkg/devops/getgitlab/getgitlab.go:580.18,582.5 1 0
github.com/colussim/GoLC/pkg/devops/getgitlab/getgitlab.go:584.4,595.27 4 0
github.com/colussim/GoLC/pkg/devops/getgitlab/getgitlab.go:601.98,606.18 3 0
github.com/colussim/GoLC/pkg/devops/getgitlab/getgitlab.go:606.18,608.5 1 0
github.com/colussim/GoLC/pkg/devops/getgitlab/getgitlab.go:609.4,609.60 1 0
github.com/colussim/GoLC/pkg/devops/getgitlab/getgitlab.go:609.60,613.5 1 0
github.com/colussim/GoLC/pkg/devops/getgitlab/getgitlab.go:615.4,615.45 1 0
github.com/colussim/GoLC/pkg/devops/getgitlab/getgitlab.go:615.45,616.26 1 0
github.com/colussim/GoLC/pkg/devops/getgitlab/getgitlab.go:616.26,618.6 1 0
github.com/colussim/GoLC/pkg/devops/getgitlab/getgitlab.go:619.5,619.25 1 0
github.com/colussim/GoLC/pkg/devops/getgitlab/getgitlab.go:619.25,621.6 1 0
github.com/colussim/GoLC/pkg/devops/getgitlab/getgitlab.go:624.4,631.21 2 0
github.com/colussim/GoLC/pkg/devops/getgitlab/getgitlab.go:635.92,652.18 2 0
github.com/colussim/GoLC/pkg/devops/getgitlab/getgitlab.go:652.18,654.5 1 0
github.com/colussim/GoLC/pkg/devops/getgitlab/getgitlab.go:656.4,656.37 1 0
github.com/colussim/GoLC/pkg/devops/getgitlab/getgitlab.go:656.37,660.17 2 0
github.com/colussim/GoLC/pkg/devops/getgitlab/getgitlab.go:660.17,662.14 2 0
github.com/colussim/GoLC/pkg/devops/getgitlab/getgitlab.go:664.5,664.26 1 0
github.com/colussim/GoLC/pkg/devops/getgitlab/getgitlab.go:664.26,665.14 1 0
github.com/colussim/GoLC/pkg/devops/getgitlab/getgitlab.go:667.5,672.63 5 0
github.com/colussim/GoLC/pkg/devops/getgitlab/getgitlab.go:672.63,674.14 2 0
github.com/colussim/GoLC/pkg/devops/getgitlab/getgitlab.go:677.5,690.20 6 0
github.com/colussim/GoLC/pkg/devops/getgitlab/getgitlab.go:696.2,700.41 4 0
github.com/colussim/GoLC/pkg/devops/getgitlab/getgitlab.go:700.41,701.43 1 0
github.com/colussim/GoLC/pkg/devops/getgitlab/getgitlab.go:701.43,705.4 3 0
github.com/colussim/GoLC/pkg/devops/getgitlab/getgitlab.go:706.3,706.34 1 0
github.com/colussim/GoLC/pkg/devops/getgitlab/getgitlab.go:709.2,713.16 4 0
github.com/colussim/GoLC/pkg/devops/getgitlab/getgitlab.go:713.16,717.3 2 0
github.com/colussim/GoLC/pkg/devops/getgitlab/getgitlab.go:719.2,723.29 4 0
github.com/colussim/GoLC/pkg/devops/getgitlab/getgitlab.go:726.151,731.16 3 0
github.com/colussim/GoLC/pkg/devops/getgitlab/getgitlab.go:731.16,734.3 2 0
github.com/colussim/GoLC/pkg/devops/getgitlab/getgitlab.go:736.2,742.34 5 0
github.com/colussim/GoLC/pkg/devops/getgitlab/getgitlab1.go:27.102,38.16 7 0
github.com/colussim/GoLC/pkg/devops/getgitlab/getgitlab1.go:38.16,41.3 2 0
github.com/colussim/GoLC/pkg/devops/getgitlab/getgitlab1.go:43.2,48.16 4 0
github.com/colussim/GoLC/pkg/devops/getgitlab/getgitlab1.go:48.16,51.3 2 0
github.com/colussim/GoLC/pkg/devops/getgitlab/getgitlab1.go:53.2,55.22 3 0
github.com/colussim/GoLC/pkg/devops/getgitlab/getgitlab1.go:55.22,57.30 2 0
github.com/colussim/GoLC/pkg/devops/getgitlab/getgitlab1.go:57.30,59.70 2 0
github.com/colussim/GoLC/pkg/devops/getgitlab/getgitlab1.go:59.70,61.5 1 0
github.com/colussim/GoLC/pkg/devops/getgitlab/getgitlab1.go:65.2,65.32 1 0
github.com/colussim/GoLC/pkg/devops/getgitlab/getgitlab1.go:69.80,76.6 5 0
github.com/colussim/GoLC/pkg/devops/getgitlab/getgitlab1.go:76.6,78.17 2 0
github.com/colussim/GoLC/pkg/devops/getgitlab/getgitlab1.go:78.17,80.4 1 0
github.com/colussim/GoLC/pkg/devops/getgitlab/getgitlab1.go:81.3,82.24 2 0
github.com/colussim/GoLC/pkg/devops/getgitlab/getgitlab1.go:82.24,83.9 1 0
github.com/colussim/GoLC/pkg/devops/getgitlab/getgitlab1.go:85.3,85.9 1 0
github.com/colussim/GoLC/pkg/devops/getgitlab/getgitlab1.go:88.2,88.26 1 0
github.com/colussim/GoLC/pkg/devops/getgitlab/getgitlab1.go:91.100,102.16 8 0
github.com/colussim/GoLC/pkg/devops/getgitlab/getgitlab1.go:102.16,104.3 1 0
github.com/colussim/GoLC/pkg/devops/getgitlab/getgitlab1.go:105.2,112.16 5 0
github.com/colussim/GoLC/pkg/devops/getgitlab/getgitlab1.go:112.16,116.3 2 0
github.com/colussim/GoLC/pkg/devops/getgitlab/getgitlab1.go:119.2,120.16 2 0
github.com/colussim/GoLC/pkg/devops/getgitlab/getgitlab1.go:120.16,122.3 1 0
github.com/colussim/GoLC/pkg/devops/getgitlab/getgitlab1.go:124.2,124.22 1 0
github.com/colussim/GoLC/pkg/gogit/gogit.go:18.58,21.16 2 0
github.com/colussim/GoLC/pkg/gogit/gogit.go:21.16,23.3 1 0
github.com/colussim/GoLC/pkg/gogit/gogit.go:25.2,27.16 2 0
github.com/colussim/GoLC/pkg/gogit/gogit.go:27.16,29.3 1 0
github.com/colussim/GoLC/pkg/gogit/gogit.go:30.2,46.16 4 0
github.com/colussim/GoLC/pkg/gogit/gogit.go:46.16,48.3 1 0
github.com/colussim/GoLC/pkg/gogit/gogit.go:50.2,51.16 2 0
github.com/colussim/GoLC/pkg/gogit/gogit.go:51.16,53.3 1 0
github.com/colussim/GoLC/pkg/gogit/gogit.go:55.2,55.13 1 0
github.com/colussim/GoLC/pkg/gogit/gogit.go:55.13,57.17 2 0
github.com/colussim/GoLC/pkg/gogit/gogit.go:57.17,59.4 1 0
github.com/colussim/GoLC/pkg/gogit/gogit.go:61.3,61.21 1 0
github.com/colussim/GoLC/pkg/gogit/gogit.go:64.2,64.17 1 0
github.com/colussim/GoLC/pkg/gogit/gogit.go:67.37,70.16 3 0
github.com/colussim/GoLC/pkg/gogit/gogit.go:70.16,72.3 1 0
github.com/colussim/GoLC/pkg/gogit/gogit.go:74.2,74.43 1 0
github.com/colussim/GoLC/pkg/gogit/gogit.go:77.43,79.16 2 0
github.com/colussim/GoLC/pkg/gogit/gogit.go:79.16,81.3 1 0
github.com/colussim/GoLC/pkg/gogit/gogit.go:83.2,83.45 1 0
github.com/colussim/GoLC/pkg/devops/getazure/getazure.go:91.87,92.26 1 0
github.com/colussim/GoLC/pkg/devops/getazure/getazure.go:92.26,97.3 1 0
github.com/colussim/GoLC/pkg/devops/getazure/getazure.go:98.2,98.47 1 0
github.com/colussim/GoLC/pkg/devops/getazure/getazure.go:101.90,104.2 2 0
github.com/colussim/GoLC/pkg/devops/getazure/getazure.go:107.84,110.2 2 0
github.com/colussim/GoLC/pkg/devops/getazure/getazure.go:112.108,120.16 3 0
github.com/colussim/GoLC/pkg/devops/getazure/getazure.go:120.16,122.3 1 0
github.com/colussim/GoLC/pkg/devops/getazure/getazure.go:124.2,124.30 1 0
github.com/colussim/GoLC/pkg/devops/getazure/getazure.go:127.144,132.6 4 0
github.com/colussim/GoLC/pkg/devops/getazure/getazure.go:132.6,137.17 2 0
github.com/colussim/GoLC/pkg/devops/getazure/getazure.go:137.17,139.4 1 0
github.com/colussim/GoLC/pkg/devops/getazure/getazure.go:141.3,141.47 1 0
github.com/colussim/GoLC/pkg/devops/getazure/getazure.go:141.47,142.55 1 0
github.com/colussim/GoLC/pkg/devops/getazure/getazure.go:142.55,144.13 2 0
github.com/colussim/GoLC/pkg/devops/getazure/getazure.go:147.4,147.46 1 0
github.com/colussim/GoLC/pkg/devops/getazure/getazure.go:152.3,152.44 1 0
github.com/colussim/GoLC/pkg/devops/getazure/getazure.go:152.44,153.9 1 0
github.com/colussim/GoLC/pkg/devops/getazure/getazure.go:157.3,157.54 1 0
github.com/colussim/GoLC/pkg/devops/getazure/getazure.go:160.2,160.40 1 0
github.com/colussim/GoLC/pkg/devops/getazure/getazure.go:163.166,167.51 2 0
github.com/colussim/GoLC/pkg/devops/getazure/getazure.go:167.51,172.3 4 0
github.com/colussim/GoLC/pkg/devops/getazure/getazure.go:174.2,177.16 2 0
github.com/colussim/GoLC/pkg/devops/getazure/getazure.go:177.16,179.3 1 0
github.com/colussim/GoLC/pkg/devops/getazure/getazure.go:182.2,191.74 2 0
github.com/colussim/GoLC/pkg/devops/getazure/getazure.go:194.109,213.16 14 0
github.com/colussim/GoLC/pkg/devops/getazure/getazure.go:213.16,217.3 3 0
github.com/colussim/GoLC/pkg/devops/getazure/getazure.go:220.2,225.16 4 0
github.com/colussim/GoLC/pkg/devops/getazure/getazure.go:225.16,227.3 1 0
github.com/colussim/GoLC/pkg/devops/getazure/getazure.go:229.2,230.16 2 0
github.com/colussim/GoLC/pkg/devops/getazure/getazure.go:230.16,232.3 1 0
github.com/colussim/GoLC/pkg/devops/getazure/getazure.go:234.2,240.46 2 0
github.com/colussim/GoLC/pkg/devops/getazure/getazure.go:240.46,245.17 2 0
github.com/colussim/GoLC/pkg/devops/getazure/getazure.go:245.17,248.4 2 0
github.com/colussim/GoLC/pkg/devops/getazure/getazure.go:249.3,259.17 7 0
github.com/colussim/GoLC/pkg/devops/getazure/getazure.go:259.17,262.4 2 0
github.com/colussim/GoLC/pkg/devops/getazure/getazure.go:264.8,266.17 2 0
github.com/colussim/GoLC/pkg/devops/getazure/getazure.go:266.17,269.4 2 0
github.com/colussim/GoLC/pkg/devops/getazure/getazure.go:271.3,281.17 7 0
github.com/colussim/GoLC/pkg/devops/getazure/getazure.go:281.17,284.4 2 0
github.com/colussim/GoLC/pkg/devops/getazure/getazure.go:287.2,287.75 1 0
github.com/colussim/GoLC/pkg/devops/getazure/getazure.go:287.75,289.45 1 0
github.com/colussim/GoLC/pkg/devops/getazure/getazure.go:289.45,291.4 1 0
github.com/colussim/GoLC/pkg/devops/getazure/getazure.go:291.9,293.4 1 0
github.com/colussim/GoLC/pkg/devops/getazure/getazure.go:294.3,294.45 1 0
github.com/colussim/GoLC/pkg/devops/getazure/getazure.go:295.8,297.3 1 0
github.com/colussim/GoLC/pkg/devops/getazure/getazure.go:299.2,303.43 2 0
github.com/colussim/GoLC/pkg/devops/getazure/getazure.go:303.43,306.3 2 0
github.com/colussim/GoLC/pkg/devops/getazure/getazure.go:308.2,320.31 3 0
github.com/colussim/GoLC/pkg/devops/getazure/getazure.go:323.238,342.2 1 0
github.com/colussim/GoLC/pkg/devops/getazure/getazure.go:344.98,349.43 3 0
github.com/colussim/GoLC/pkg/devops/getazure/getazure.go:349.43,350.50 1 0
github.com/colussim/GoLC/pkg/devops/getazure/getazure.go:350.50,355.4 3 0
github.com/colussim/GoLC/pkg/devops/getazure/getazure.go:356.3,356.35 1 0
github.com/colussim/GoLC/pkg/devops/getazure/getazure.go:358.2,358.38 1 0
github.com/colussim/GoLC/pkg/devops/getazure/getazure.go:361.51,365.2 3 0
github.com/colussim/GoLC/pkg/devops/getazure/getazure.go:367.120,386.31 14 0
github.com/colussim/GoLC/pkg/devops/getazure/getazure.go:386.31,388.3 1 0
github.com/colussim/GoLC/pkg/devops/getazure/getazure.go:388.8,390.3 1 0
github.com/colussim/GoLC/pkg/devops/getazure/getazure.go:391.2,395.42 3 0
github.com/colussim/GoLC/pkg/devops/getazure/getazure.go:395.42,401.17 3 0
github.com/colussim/GoLC/pkg/devops/getazure/getazure.go:401.17,402.36 1 0
github.com/colussim/GoLC/pkg/devops/getazure/getazure.go:402.36,405.13 3 0
github.com/colussim/GoLC/pkg/devops/getazure/getazure.go:406.10,410.5 3 0
github.com/colussim/GoLC/pkg/devops/getazure/getazure.go:413.3,416.31 3 0
github.com/colussim/GoLC/pkg/devops/getazure/getazure.go:416.31,419.4 2 0
github.com/colussim/GoLC/pkg/devops/getazure/getazure.go:419.9,422.4 2 0
github.com/colussim/GoLC/pkg/devops/getazure/getazure.go:424.3,424.30 1 0
github.com/colussim/GoLC/pkg/devops/getazure/getazure.go:424.30,428.18 2 0
github.com/colussim/GoLC/pkg/devops/getazure/getazure.go:428.18,429.34 1 0
github.com/colussim/GoLC/pkg/devops/getazure/getazure.go:429.34,431.14 1 0
github.com/colussim/GoLC/pkg/devops/getazure/getazure.go:433.5,433.44 1 0
github.com/colussim/GoLC/pkg/devops/getazure/getazure.go:434.10,436.98 1 0
github.com/colussim/GoLC/pkg/devops/getazure/getazure.go:436.98,438.14 1 0
github.com/colussim/GoLC/pkg/devops/getazure/getazure.go:442.4,451.9 3 0
github.com/colussim/GoLC/pkg/devops/getazure/getazure.go:454.3,454.22 1 0
github.com/colussim/GoLC/pkg/devops/getazure/getazure.go:458.2,458.93 1 0
github.com/colussim/GoLC/pkg/devops/getazure/getazure.go:462.137,468.29 4 0
github.com/colussim/GoLC/pkg/devops/getazure/getazure.go:468.29,470.3 1 0
github.com/colussim/GoLC/pkg/devops/getazure/getazure.go:473.2,476.16 2 0
github.com/colussim/GoLC/pkg/devops/getazure/getazure.go:476.16,479.3 2 0
github.com/colussim/GoLC/pkg/devops/getazure/getazure.go:481.2,481.30 1 0
github.com/colussim/GoLC/pkg/devops/getazure/getazure.go:481.30,485.73 2 0
github.com/colussim/GoLC/pkg/devops/getazure/getazure.go:485.73,486.12 1 0
github.com/colussim/GoLC/pkg/devops/getazure/getazure.go:490.3,490.64 1 0
github.com/colussim/GoLC/pkg/devops/getazure/getazure.go:490.64,492.12 2 0
github.com/colussim/GoLC/pkg/devops/getazure/getazure.go:494.3,497.17 3 0
github.com/colussim/GoLC/pkg/devops/getazure/getazure.go:497.17,499.4 1 0
github.com/colussim/GoLC/pkg/devops/getazure/getazure.go:500.3,500.14 1 0
github.com/colussim/GoLC/pkg/devops/getazure/getazure.go:500.14,502.12 2 0
github.com/colussim/GoLC/pkg/devops/getazure/getazure.go:505.3,505.36 1 0
github.com/colussim/GoLC/pkg/devops/getazure/getazure.go:508.2,508.64 1 0
github.com/colussim/GoLC/pkg/devops/getazure/getazure.go:512.49,513.26 1 0
github.com/colussim/GoLC/pkg/devops/getazure/getazure.go:513.26,514.16 1 0
github.com/colussim/GoLC/pkg/devops/getazure/getazure.go:514.16,516.4 1 0
github.com/colussim/GoLC/pkg/devops/getazure/getazure.go:518.2,518.14 1 0
github.com/colussim/GoLC/pkg/devops/getazure/getazure.go:521.167,529.16 6 0
github.com/colussim/GoLC/pkg/devops/getazure/getazure.go:529.16,532.3 2 0
github.com/colussim/GoLC/pkg/devops/getazure/getazure.go:534.2,539.50 3 0
github.com/colussim/GoLC/pkg/devops/getazure/getazure.go:542.182,555.16 6 0
github.com/colussim/GoLC/pkg/devops/getazure/getazure.go:555.16,557.3 1 0
github.com/colussim/GoLC/pkg/devops/getazure/getazure.go:558.2,561.14 2 0
github.com/colussim/GoLC/pkg/devops/getazure/getazure.go:561.14,563.3 1 0
github.com/colussim/GoLC/pkg/devops/getazure/getazure.go:563.8,563.31 1 0
github.com/colussim/GoLC/pkg/devops/getazure/getazure.go:563.31,565.3 1 0
github.com/colussim/GoLC/pkg/devops/getazure/getazure.go:565.8,567.3 1 0
github.com/colussim/GoLC/pkg/devops/getazure/getazure.go:569.172,579.16 5 0
github.com/colussim/GoLC/pkg/devops/getazure/getazure.go:579.16,581.3 1 0
github.com/colussim/GoLC/pkg/devops/getazure/getazure.go:583.2,583.35 1 0
github.com/colussim/GoLC/pkg/devops/getazure/getazure.go:583.35,585.17 2 0
github.com/colussim/GoLC/pkg/devops/getazure/getazure.go:585.17,587.4 1 0
github.com/colussim/GoLC/pkg/devops/getazure/getazure.go:589.3,589.31 1 0
github.com/colussim/GoLC/pkg/devops/getazure/getazure.go:589.31,593.4 3 0
github.com/colussim/GoLC/pkg/devops/getazure/getazure.go:596.2,596.21 1 0
github.com/colussim/GoLC/pkg/devops/getazure/getazure.go:596.21,598.3 1 0
github.com/colussim/GoLC/pkg/devops/getazure/getazure.go:600.2,600.66 1 0
github.com/colussim/GoLC/pkg/devops/getazure/getazure.go:603.198,607.25 2 0
github.com/colussim/GoLC/pkg/devops/getazure/getazure.go:607.25,609.3 1 0
github.com/colussim/GoLC/pkg/devops/getazure/getazure.go:609.8,615.17 2 0
github.com/colussim/GoLC/pkg/devops/getazure/getazure.go:615.17,617.4 1 0
github.com/colussim/GoLC/pkg/devops/getazure/getazure.go:618.3,619.36 2 0
github.com/colussim/GoLC/pkg/devops/getazure/getazure.go:619.36,620.61 1 0
github.com/colussim/GoLC/pkg/devops/getazure/getazure.go:620.61,622.10 2 0
github.com/colussim/GoLC/pkg/devops/getazure/getazure.go:625.3,625.20 1 0
github.com/colussim/GoLC/pkg/devops/getazure/getazure.go:625.20,627.4 1 0
github.com/colussim/GoLC/pkg/devops/getazure/getazure.go:628.3,628.28 1 0
github.com/colussim/GoLC/pkg/devops/getazure/getazure.go:631.2,632.16 2 0
github.com/colussim/GoLC/pkg/devops/getazure/getazure.go:632.16,634.3 1 0
github.com/colussim/GoLC/pkg/devops/getazure/getazure.go:636.2,636.22 1 0
github.com/colussim/GoLC/pkg/devops/getazure/getazure.go:636.22,641.17 2 0
github.com/colussim/GoLC/pkg/devops/getazure/getazure.go:641.17,643.4 1 0
github.com/colussim/GoLC/pkg/devops/getazure/getazure.go:644.3,644.33 1 0
github.com/colussim/GoLC/pkg/devops/getazure/getazure.go:647.2,647.39 1 0
github.com/colussim/GoLC/pkg/devops/getazure/getazure.go:650.155,652.16 2 0
github.com/colussim/GoLC/pkg/devops/getazure/getazure.go:652.16,654.3 1 0
github.com/colussim/GoLC/pkg/devops/getazure/getazure.go:656.2,657.37 2 0
github.com/colussim/GoLC/pkg/devops/getazure/getazure.go:660.146,665.6 4 0
github.com/colussim/GoLC/pkg/devops/getazure/getazure.go:665.6,682.17 3 0
github.com/colussim/GoLC/pkg/devops/getazure/getazure.go:682.17,684.4 1 0
github.com/colussim/GoLC/pkg/devops/getazure/getazure.go:686.3,688.28 2 0
github.com/colussim/GoLC/pkg/devops/getazure/getazure.go:688.28,689.9 1 0
github.com/colussim/GoLC/pkg/devops/getazure/getazure.go:692.3,692.16 1 0
github.com/colussim/GoLC/pkg/devops/getazure/getazure.go:695.2,695.26 1 0
github.com/colussim/GoLC/pkg/devops/getazure/getazure.go:697.46,700.16 2 0
github.com/colussim/GoLC/pkg/devops/getazure/getazure.go:700.16,703.3 2 0
github.com/colussim/GoLC/pkg/devops/getazure/getazure.go:704.2,710.47 3 0
github.com/colussim/GoLC/pkg/devops/getazure/getazure.go:710.47,713.3 2 0
github.com/colussim/GoLC/pkg/devops/getazure/getazure.go:715.2,716.12 2 0
github.com/colussim/GoLC/pkg/devops/getbitbucketdc/getbitbucketdc.go:197.172,210.35 10 0
github.com/colussim/GoLC/pkg/devops/getbitbucketdc/getbitbucketdc.go:210.35,215.17 4 0
github.com/colussim/GoLC/pkg/devops/getbitbucketdc/getbitbucketdc.go:215.17,217.12 2 0
github.com/colussim/GoLC/pkg/devops/getbitbucketdc/getbitbucketdc.go:220.3,223.30 3 0
github.com/colussim/GoLC/pkg/devops/getbitbucketdc/getbitbucketdc.go:223.30,224.109 1 0
github.com/colussim/GoLC/pkg/devops/getbitbucketdc/getbitbucketdc.go:224.109,225.28 1 0
github.com/colussim/GoLC/pkg/devops/getbitbucketdc/getbitbucketdc.go:225.28,227.6 1 0
github.com/colussim/GoLC/pkg/devops/getbitbucketdc/getbitbucketdc.go:227.11,229.6 1 0
github.com/colussim/GoLC/pkg/devops/getbitbucketdc/getbitbucketdc.go:234.2,238.90 4 0
github.com/colussim/GoLC/pkg/devops/getbitbucketdc/getbitbucketdc.go:238.90,241.3 2 0
github.com/colussim/GoLC/pkg/devops/getbitbucketdc/getbitbucketdc.go:243.2,243.46 1 0
github.com/colussim/GoLC/pkg/devops/getbitbucketdc/getbitbucketdc.go:246.167,248.16 2 0
github.com/colussim/GoLC/pkg/devops/getbitbucketdc/getbitbucketdc.go:248.16,250.3 1 0
github.com/colussim/GoLC/pkg/devops/getbitbucketdc/getbitbucketdc.go:252.2,252.13 1 0
github.com/colussim/GoLC/pkg/devops/getbitbucketdc/getbitbucketdc.go:252.13,255.3 2 0
github.com/colussim/GoLC/pkg/devops/getbitbucketdc/getbitbucketdc.go:257.2,258.16 2 0
github.com/colussim/GoLC/pkg/devops/getbitbucketdc/getbitbucketdc.go:258.16,260.3 1 0
github.com/colussim/GoLC/pkg/devops/getbitbucketdc/getbitbucketdc.go:262.2,262.24 1 0
github.com/colussim/GoLC/pkg/devops/getbitbucketdc/getbitbucketdc.go:262.24,265.3 2 0
github.com/colussim/GoLC/pkg/devops/getbitbucketdc/getbitbucketdc.go:267.2,270.16 3 0
github.com/colussim/GoLC/pkg/devops/getbitbucketdc/getbitbucketdc.go:270.16,272.3 1 0
github.com/colussim/GoLC/pkg/devops/getbitbucketdc/getbitbucketdc.go:274.2,283.12 3 0
github.com/colussim/GoLC/pkg/devops/getbitbucketdc/getbitbucketdc.go:286.66,290.6 3 0
github.com/colussim/GoLC/pkg/devops/getbitbucketdc/getbitbucketdc.go:290.6,295.17 3 0
github.com/colussim/GoLC/pkg/devops/getbitbucketdc/getbitbucketdc.go:295.17,297.4 1 0
github.com/colussim/GoLC/pkg/devops/getbitbucketdc/getbitbucketdc.go:299.3,303.17 4 0
github.com/colussim/GoLC/pkg/devops/getbitbucketdc/getbitbucketdc.go:303.17,305.4 1 0
github.com/colussim/GoLC/pkg/devops/getbitbucketdc/getbitbucketdc.go:306.3,308.39 2 0
github.com/colussim/GoLC/pkg/devops/getbitbucketdc/getbitbucketdc.go:308.39,310.4 1 0
github.com/colussim/GoLC/pkg/devops/getbitbucketdc/getbitbucketdc.go:312.3,313.73 2 0
github.com/colussim/GoLC/pkg/devops/getbitbucketdc/getbitbucketdc.go:313.73,315.4 1 0
github.com/colussim/GoLC/pkg/devops/getbitbucketdc/getbitbucketdc.go:317.3,319.29 2 0
github.com/colussim/GoLC/pkg/devops/getbitbucketdc/getbitbucketdc.go:319.29,320.9 1 0
github.com/colussim/GoLC/pkg/devops/getbitbucketdc/getbitbucketdc.go:323.3,323.36 1 0
github.com/colussim/GoLC/pkg/devops/getbitbucketdc/getbitbucketdc.go:326.2,326.37 1 0
github.com/colussim/GoLC/pkg/devops/getbitbucketdc/getbitbucketdc.go:326.37,327.23 1 0
github.com/colussim/GoLC/pkg/devops/getbitbucketdc/getbitbucketdc.go:327.23,329.4 1 0
github.com/colussim/GoLC/pkg/devops/getbitbucketdc/getbitbucketdc.go:332.2,332.56 1 0
github.com/colussim/GoLC/pkg/devops/getbitbucketdc/getbitbucketdc.go:335.155,346.29 9 0
github.com/colussim/GoLC/pkg/devops/getbitbucketdc/getbitbucketdc.go:346.29,348.17 2 0
github.com/colussim/GoLC/pkg/devops/getbitbucketdc/getbitbucketdc.go:348.17,350.4 1 0
github.com/colussim/GoLC/pkg/devops/getbitbucketdc/getbitbucketdc.go:352.3,352.14 1 0
github.com/colussim/GoLC/pkg/devops/getbitbucketdc/getbitbucketdc.go:352.14,355.12 3 0
github.com/colussim/GoLC/pkg/devops/getbitbucketdc/getbitbucketdc.go:358.3,359.17 2 0
github.com/colussim/GoLC/pkg/devops/getbitbucketdc/getbitbucketdc.go:359.17,361.4 1 0
github.com/colussim/GoLC/pkg/devops/getbitbucketdc/getbitbucketdc.go:363.3,365.25 2 0
github.com/colussim/GoLC/pkg/devops/getbitbucketdc/getbitbucketdc.go:365.25,367.12 2 0
github.com/colussim/GoLC/pkg/devops/getbitbucketdc/getbitbucketdc.go:370.3,371.17 2 0
github.com/colussim/GoLC/pkg/devops/getbitbucketdc/getbitbucketdc.go:371.17,373.4 1 0
github.com/colussim/GoLC/pkg/devops/getbitbucketdc/getbitbucketdc.go:375.3,381.5 2 0
github.com/colussim/GoLC/pkg/devops/getbitbucketdc/getbitbucketdc.go:384.2,388.51 4 0
github.com/colussim/GoLC/pkg/devops/getbitbucketdc/getbitbucketdc.go:388.51,390.3 1 0
github.com/colussim/GoLC/pkg/devops/getbitbucketdc/getbitbucketdc.go:392.2,392.46 1 0
github.com/colussim/GoLC/pkg/devops/getbitbucketdc/getbitbucketdc.go:395.56,397.17 2 0
github.com/colussim/GoLC/pkg/devops/getbitbucketdc/getbitbucketdc.go:397.17,399.3 1 0
github.com/colussim/GoLC/pkg/devops/getbitbucketdc/getbitbucketdc.go:400.2,400.12 1 0
github.com/colussim/GoLC/pkg/devops/getbitbucketdc/getbitbucketdc.go:403.83,407.20 3 0
github.com/colussim/GoLC/pkg/devops/getbitbucketdc/getbitbucketdc.go:407.20,410.17 3 0
github.com/colussim/GoLC/pkg/devops/getbitbucketdc/getbitbucketdc.go:410.17,412.4 1 0
github.com/colussim/GoLC/pkg/devops/getbitbucketdc/getbitbucketdc.go:413.3,413.46 1 0
github.com/colussim/GoLC/pkg/devops/getbitbucketdc/getbitbucketdc.go:415.8,415.35 1 0
github.com/colussim/GoLC/pkg/devops/getbitbucketdc/getbitbucketdc.go:415.35,418.3 2 0
github.com/colussim/GoLC/pkg/devops/getbitbucketdc/getbitbucketdc.go:418.8,421.3 2 0
github.com/colussim/GoLC/pkg/devops/getbitbucketdc/getbitbucketdc.go:422.2,422.22 1 0
github.com/colussim/GoLC/pkg/devops/getbitbucketdc/getbitbucketdc.go:425.95,429.20 3 0
github.com/colussim/GoLC/pkg/devops/getbitbucketdc/getbitbucketdc.go:429.20,432.17 3 0
github.com/colussim/GoLC/pkg/devops/getbitbucketdc/getbitbucketdc.go:432.17,434.4 1 0
github.com/colussim/GoLC/pkg/devops/getbitbucketdc/getbitbucketdc.go:435.3,435.46 1 0
github.com/colussim/GoLC/pkg/devops/getbitbucketdc/getbitbucketdc.go:436.8,436.35 1 0
github.com/colussim/GoLC/pkg/devops/getbitbucketdc/getbitbucketdc.go:436.35,439.3 2 0
github.com/colussim/GoLC/pkg/devops/getbitbucketdc/getbitbucketdc.go:439.8,442.39 3 0
github.com/colussim/GoLC/pkg/devops/getbitbucketdc/getbitbucketdc.go:442.39,445.4 2 0
github.com/colussim/GoLC/pkg/devops/getbitbucketdc/getbitbucketdc.go:448.2,448.22 1 0
github.com/colussim/GoLC/pkg/devops/getbitbucketdc/getbitbucketdc.go:451.111,455.34 3 0
github.com/colussim/GoLC/pkg/devops/getbitbucketdc/getbitbucketdc.go:455.34,470.17 6 0
github.com/colussim/GoLC/pkg/devops/getbitbucketdc/getbitbucketdc.go:470.17,472.12 2 0
github.com/colussim/GoLC/pkg/devops/getbitbucketdc/getbitbucketdc.go:475.3,475.29 1 0
github.com/colussim/GoLC/pkg/devops/getbitbucketdc/getbitbucketdc.go:475.29,478.4 2 0
github.com/colussim/GoLC/pkg/devops/getbitbucketdc/getbitbucketdc.go:481.2,481.48 1 0
github.com/colussim/GoLC/pkg/devops/getbitbucketdc/getbitbucketdc.go:484.146,488.34 3 0
github.com/colussim/GoLC/pkg/devops/getbitbucketdc/getbitbucketdc.go:488.34,503.17 6 0
github.com/colussim/GoLC/pkg/devops/getbitbucketdc/getbitbucketdc.go:503.17,505.4 1 0
github.com/colussim/GoLC/pkg/devops/getbitbucketdc/getbitbucketdc.go:507.3,507.29 1 0
github.com/colussim/GoLC/pkg/devops/getbitbucketdc/getbitbucketdc.go:507.29,510.4 2 0
github.com/colussim/GoLC/pkg/devops/getbitbucketdc/getbitbucketdc.go:513.2,513.48 1 0
github.com/colussim/GoLC/pkg/devops/getbitbucketdc/getbitbucketdc.go:516.54,518.16 2 0
github.com/colussim/GoLC/pkg/devops/getbitbucketdc/getbitbucketdc.go:518.16,520.3 1 0
github.com/colussim/GoLC/pkg/devops/getbitbucketdc/getbitbucketdc.go:521.2,524.31 3 0
github.com/colussim/GoLC/pkg/devops/getbitbucketdc/getbitbucketdc.go:527.72,529.16 2 0
github.com/colussim/GoLC/pkg/devops/getbitbucketdc/getbitbucketdc.go:529.16,531.3 1 0
github.com/colussim/GoLC/pkg/devops/getbitbucketdc/getbitbucketdc.go:532.2,535.31 3 0
github.com/colussim/GoLC/pkg/devops/getbitbucketdc/getbitbucketdc.go:538.116,555.16 12 0
github.com/colussim/GoLC/pkg/devops/getbitbucketdc/getbitbucketdc.go:555.16,558.3 2 0
github.com/colussim/GoLC/pkg/devops/getbitbucketdc/getbitbucketdc.go:561.2,562.16 2 0
github.com/colussim/GoLC/pkg/devops/getbitbucketdc/getbitbucketdc.go:562.16,564.3 1 0
github.com/colussim/GoLC/pkg/devops/getbitbucketdc/getbitbucketdc.go:567.2,567.21 1 0
github.com/colussim/GoLC/pkg/devops/getbitbucketdc/getbitbucketdc.go:567.21,580.3 2 0
github.com/colussim/GoLC/pkg/devops/getbitbucketdc/getbitbucketdc.go:580.8,595.3 2 0
github.com/colussim/GoLC/pkg/devops/getbitbucketdc/getbitbucketdc.go:598.2,598.66 1 0
github.com/colussim/GoLC/pkg/devops/getbitbucketdc/getbitbucketdc.go:601.84,602.26 1 0
github.com/colussim/GoLC/pkg/devops/getbitbucketdc/getbitbucketdc.go:602.26,607.3 1 0
github.com/colussim/GoLC/pkg/devops/getbitbucketdc/getbitbucketdc.go:608.2,608.47 1 0
github.com/colussim/GoLC/pkg/devops/getbitbucketdc/getbitbucketdc.go:611.178,619.33 6 0
github.com/colussim/GoLC/pkg/devops/getbitbucketdc/getbitbucketdc.go:619.33,623.3 3 0
github.com/colussim/GoLC/pkg/devops/getbitbucketdc/getbitbucketdc.go:623.8,623.40 1 0
github.com/colussim/GoLC/pkg/devops/getbitbucketdc/getbitbucketdc.go:623.40,624.50 1 0
github.com/colussim/GoLC/pkg/devops/getbitbucketdc/getbitbucketdc.go:624.50,626.4 1 0
github.com/colussim/GoLC/pkg/devops/getbitbucketdc/getbitbucketdc.go:627.3,629.14 3 0
github.com/colussim/GoLC/pkg/devops/getbitbucketdc/getbitbucketdc.go:630.8,630.40 1 0
github.com/colussim/GoLC/pkg/devops/getbitbucketdc/getbitbucketdc.go:630.40,632.57 2 0
github.com/colussim/GoLC/pkg/devops/getbitbucketdc/getbitbucketdc.go:632.57,634.4 1 0
github.com/colussim/GoLC/pkg/devops/getbitbucketdc/getbitbucketdc.go:635.3,637.14 3 0
github.com/colussim/GoLC/pkg/devops/getbitbucketdc/getbitbucketdc.go:638.8,640.3 1 0
github.com/colussim/GoLC/pkg/devops/getbitbucketdc/getbitbucketdc.go:642.2,642.16 1 0
github.com/colussim/GoLC/pkg/devops/getbitbucketdc/getbitbucketdc.go:642.16,644.3 1 0
github.com/colussim/GoLC/pkg/devops/getbitbucketdc/getbitbucketdc.go:645.2,645.29 1 0
github.com/colussim/GoLC/pkg/devops/getbitbucketdc/getbitbucketdc.go:648.95,652.43 3 0
github.com/colussim/GoLC/pkg/devops/getbitbucketdc/getbitbucketdc.go:652.43,653.43 1 0
github.com/colussim/GoLC/pkg/devops/getbitbucketdc/getbitbucketdc.go:653.43,658.4 4 0
github.com/colussim/GoLC/pkg/devops/getbitbucketdc/getbitbucketdc.go:659.3,659.34 1 0
github.com/colussim/GoLC/pkg/devops/getbitbucketdc/getbitbucketdc.go:662.2,669.26 6 0
github.com/colussim/GoLC/pkg/devops/getbitbucketdc/getbitbucketdc.go:672.69,675.16 2 0
github.com/colussim/GoLC/pkg/devops/getbitbucketdc/getbitbucketdc.go:675.16,677.3 1 0
github.com/colussim/GoLC/pkg/devops/getbitbucketdc/getbitbucketdc.go:678.2,682.16 4 0
github.com/colussim/GoLC/pkg/devops/getbitbucketdc/getbitbucketdc.go:682.16,684.3 1 0
github.com/colussim/GoLC/pkg/devops/getbitbucketdc/getbitbucketdc.go:685.2,688.38 3 0
github.com/colussim/GoLC/pkg/devops/getbitbucketdc/getbitbucketdc.go:688.38,691.17 2 0
github.com/colussim/GoLC/pkg/devops/getbitbucketdc/getbitbucketdc.go:691.17,693.4 1 0
github.com/colussim/GoLC/pkg/devops/getbitbucketdc/getbitbucketdc.go:695.8,703.17 3 0
github.com/colussim/GoLC/pkg/devops/getbitbucketdc/getbitbucketdc.go:703.17,705.4 1 0
github.com/colussim/GoLC/pkg/devops/getbitbucketdc/getbitbucketdc.go:706.3,706.76 1 0
github.com/colussim/GoLC/pkg/devops/getbitbucketdc/getbitbucketdc.go:709.2,709.33 1 0
github.com/colussim/GoLC/pkg/devops/getbitbucketdc/getbitbucketdc.go:712.110,714.6 2 0
github.com/colussim/GoLC/pkg/devops/getbitbucketdc/getbitbucketdc.go:714.6,716.17 2 0
github.com/colussim/GoLC/pkg/devops/getbitbucketdc/getbitbucketdc.go:716.17,718.4 1 0
github.com/colussim/GoLC/pkg/devops/getbitbucketdc/getbitbucketdc.go:719.3,721.50 2 0
github.com/colussim/GoLC/pkg/devops/getbitbucketdc/getbitbucketdc.go:721.50,723.73 1 0
github.com/colussim/GoLC/pkg/devops/getbitbucketdc/getbitbucketdc.go:723.73,725.5 1 0
github.com/colussim/GoLC/pkg/devops/getbitbucketdc/getbitbucketdc.go:725.10,726.55 1 0
github.com/colussim/GoLC/pkg/devops/getbitbucketdc/getbitbucketdc.go:726.55,728.6 1 0
github.com/colussim/GoLC/pkg/devops/getbitbucketdc/getbitbucketdc.go:732.3,732.33 1 0
github.com/colussim/GoLC/pkg/devops/getbitbucketdc/getbitbucketdc.go:732.33,733.9 1 0
github.com/colussim/GoLC/pkg/devops/getbitbucketdc/getbitbucketdc.go:735.3,735.66 1 0
github.com/colussim/GoLC/pkg/devops/getbitbucketdc/getbitbucketdc.go:737.2,737.25 1 0
github.com/colussim/GoLC/pkg/devops/getbitbucketdc/getbitbucketdc.go:740.111,744.16 3 0
github.com/colussim/GoLC/pkg/devops/getbitbucketdc/getbitbucketdc.go:744.16,746.3 1 0
github.com/colussim/GoLC/pkg/devops/getbitbucketdc/getbitbucketdc.go:747.2,749.27 2 0
github.com/colussim/GoLC/pkg/devops/getbitbucketdc/getbitbucketdc.go:749.27,752.3 2 0
github.com/colussim/GoLC/pkg/devops/getbitbucketdc/getbitbucketdc.go:753.2,753.71 1 0
github.com/colussim/GoLC/pkg/devops/getbitbucketdc/getbitbucketdc.go:753.71,755.3 1 0
github.com/colussim/GoLC/pkg/devops/getbitbucketdc/getbitbucketdc.go:755.8,756.53 1 0
github.com/colussim/GoLC/pkg/devops/getbitbucketdc/getbitbucketdc.go:756.53,758.4 1 0
github.com/colussim/GoLC/pkg/devops/getbitbucketdc/getbitbucketdc.go:761.2,761.25 1 0
github.com/colussim/GoLC/pkg/devops/getbitbucketdc/getbitbucketdc.go:764.104,768.16 3 0
github.com/colussim/GoLC/pkg/devops/getbitbucketdc/getbitbucketdc.go:768.16,770.3 1 0
github.com/colussim/GoLC/pkg/devops/getbitbucketdc/getbitbucketdc.go:771.2,773.25 2 0
github.com/colussim/GoLC/pkg/devops/getbitbucketdc/getbitbucketdc.go:773.25,776.3 2 0
github.com/colussim/GoLC/pkg/devops/getbitbucketdc/getbitbucketdc.go:778.2,780.71 2 0
github.com/colussim/GoLC/pkg/devops/getbitbucketdc/getbitbucketdc.go:780.71,782.3 1 0
github.com/colussim/GoLC/pkg/devops/getbitbucketdc/getbitbucketdc.go:782.8,783.46 1 0
github.com/colussim/GoLC/pkg/devops/getbitbucketdc/getbitbucketdc.go:783.46,785.4 1 0
github.com/colussim/GoLC/pkg/devops/getbitbucketdc/getbitbucketdc.go:788.2,788.22 1 0
github.com/colussim/GoLC/pkg/devops/getbitbucketdc/getbitbucketdc.go:791.97,795.16 3 0
github.com/colussim/GoLC/pkg/devops/getbitbucketdc/getbitbucketdc.go:795.16,797.3 1 0
github.com/colussim/GoLC/pkg/devops/getbitbucketdc/getbitbucketdc.go:798.2,802.16 4 0
github.com/colussim/GoLC/pkg/devops/getbitbucketdc/getbitbucketdc.go:802.16,804.3 1 0
github.com/colussim/GoLC/pkg/devops/getbitbucketdc/getbitbucketdc.go:805.2,808.16 3 0
github.com/colussim/GoLC/pkg/devops/getbitbucketdc/getbitbucketdc.go:808.16,810.3 1 0
github.com/colussim/GoLC/pkg/devops/getbitbucketdc/getbitbucketdc.go:812.2,812.23 1 0
github.com/colussim/GoLC/pkg/devops/getbitbucketdc/getbitbucketdc.go:812.23,814.3 1 0
github.com/colussim/GoLC/pkg/devops/getbitbucketdc/getbitbucketdc.go:814.8,816.3 1 0
github.com/colussim/GoLC/pkg/devops/getbitbucketdc/getbitbucketdc.go:818.2,819.16 2 0
github.com/colussim/GoLC/pkg/devops/getbitbucketdc/getbitbucketdc.go:819.16,821.3 1 0
github.com/colussim/GoLC/pkg/devops/getbitbucketdc/getbitbucketdc.go:823.2,823.26 1 0
github.com/colussim/GoLC/pkg/devops/getbitbucketdc/getbitbucketdc.go:827.88,831.2 2 0
github.com/colussim/GoLC/pkg/devops/getbitbucketdc/getbitbucketdc.go:833.85,836.2 2 0
github.com/colussim/GoLC/pkg/devops/getbitbucketdc/getbitbucketdc.go:837.81,840.2 2 0
github.com/colussim/GoLC/pkg/devops/getbitbucketdc/getbitbucketdc.go:842.75,845.2 2 0
github.com/colussim/GoLC/pkg/devops/getbitbucketdc/getbitbucketdc.go:847.104,849.6 2 0
github.com/colussim/GoLC/pkg/devops/getbitbucketdc/getbitbucketdc.go:849.6,851.17 2 0
github.com/colussim/GoLC/pkg/devops/getbitbucketdc/getbitbucketdc.go:851.17,853.4 1 0
github.com/colussim/GoLC/pkg/devops/getbitbucketdc/getbitbucketdc.go:854.3,855.45 2 0
github.com/colussim/GoLC/pkg/devops/getbitbucketdc/getbitbucketdc.go:855.45,858.73 2 0
github.com/colussim/GoLC/pkg/devops/getbitbucketdc/getbitbucketdc.go:858.73,860.5 1 0
github.com/colussim/GoLC/pkg/devops/getbitbucketdc/getbitbucketdc.go:860.10,861.48 1 0
github.com/colussim/GoLC/pkg/devops/getbitbucketdc/getbitbucketdc.go:861.48,863.6 1 0
github.com/colussim/GoLC/pkg/devops/getbitbucketdc/getbitbucketdc.go:868.3,868.31 1 0
github.com/colussim/GoLC/pkg/devops/getbitbucketdc/getbitbucketdc.go:868.31,869.9 1 0
github.com/colussim/GoLC/pkg/devops/getbitbucketdc/getbitbucketdc.go:871.3,871.64 1 0
github.com/colussim/GoLC/pkg/devops/getbitbucketdc/getbitbucketdc.go:873.2,873.22 1 0
github.com/colussim/GoLC/pkg/devops/getbitbucketdc/getbitbucketdc.go:876.94,880.16 3 0
github.com/colussim/GoLC/pkg/devops/getbitbucketdc/getbitbucketdc.go:880.16,882.3 1 0
github.com/colussim/GoLC/pkg/devops/getbitbucketdc/getbitbucketdc.go:883.2,887.16 4 0
github.com/colussim/GoLC/pkg/devops/getbitbucketdc/getbitbucketdc.go:887.16,889.3 1 0
github.com/colussim/GoLC/pkg/devops/getbitbucketdc/getbitbucketdc.go:890.2,893.16 3 0
github.com/colussim/GoLC/pkg/devops/getbitbucketdc/getbitbucketdc.go:893.16,895.3 1 0
github.com/colussim/GoLC/pkg/devops/getbitbucketdc/getbitbucketdc.go:897.2,897.23 1 0
github.com/colussim/GoLC/pkg/devops/getbitbucketdc/getbitbucketdc.go:897.23,899.3 1 0
github.com/colussim/GoLC/pkg/devops/getbitbucketdc/getbitbucketdc.go:899.8,901.3 1 0
github.com/colussim/GoLC/pkg/devops/getbitbucketdc/getbitbucketdc.go:903.2,904.16 2 0
github.com/colussim/GoLC/pkg/devops/getbitbucketdc/getbitbucketdc.go:904.16,906.3 1 0
github.com/colussim/GoLC/pkg/devops/getbitbucketdc/getbitbucketdc.go:908.2,908.23 1 0
github.com/colussim/GoLC/pkg/devops/getbitbucketdc/getbitbucketdc.go:912.73,914.6 2 0
github.com/colussim/GoLC/pkg/devops/getbitbucketdc/getbitbucketdc.go:914.6,916.17 2 0
github.com/colussim/GoLC/pkg/devops/getbitbucketdc/getbitbucketdc.go:916.17,918.4 1 0
github.com/colussim/GoLC/pkg/devops/getbitbucketdc/getbitbucketdc.go:919.3,920.30 2 0
github.com/colussim/GoLC/pkg/devops/getbitbucketdc/getbitbucketdc.go:920.30,921.9 1 0
github.com/colussim/GoLC/pkg/devops/getbitbucketdc/getbitbucketdc.go:923.3,923.63 1 0
github.com/colussim/GoLC/pkg/devops/getbitbucketdc/getbitbucketdc.go:925.2,925.25 1 0
github.com/colussim/GoLC/pkg/devops/getbitbucketdc/getbitbucketdc.go:928.77,930.16 2 0
github.com/colussim/GoLC/pkg/devops/getbitbucketdc/getbitbucketdc.go:930.16,932.3 1 0
github.com/colussim/GoLC/pkg/devops/getbitbucketdc/getbitbucketdc.go:933.2,937.16 4 0
github.com/colussim/GoLC/pkg/devops/getbitbucketdc/getbitbucketdc.go:937.16,939.3 1 0
github.com/colussim/GoLC/pkg/devops/getbitbucketdc/getbitbucketdc.go:940.2,943.16 3 0
github.com/colussim/GoLC/pkg/devops/getbitbucketdc/getbitbucketdc.go:943.16,945.3 1 0
github.com/colussim/GoLC/pkg/devops/getbitbucketdc/getbitbucketdc.go:947.2,949.16 3 0
github.com/colussim/GoLC/pkg/devops/getbitbucketdc/getbitbucketdc.go:949.16,951.3 1 0
github.com/colussim/GoLC/pkg/devops/getbitbucketdc/getbitbucketdc.go:953.2,953.27 1 0
github.com/colussim/GoLC/pkg/devops/getbitbucketdc/getbitbucketdc.go:956.72,958.16 2 0
github.com/colussim/GoLC/pkg/devops/getbitbucketdc/getbitbucketdc.go:958.16,960.3 1 0
github.com/colussim/GoLC/pkg/devops/getbitbucketdc/getbitbucketdc.go:961.2,965.16 4 0
github.com/colussim/GoLC/pkg/devops/getbitbucketdc/getbitbucketdc.go:965.16,967.3 1 0
github.com/colussim/GoLC/pkg/devops/getbitbucketdc/getbitbucketdc.go:968.2,971.16 3 0
github.com/colussim/GoLC/pkg/devops/getbitbucketdc/getbitbucketdc.go:971.16,973.3 1 0
github.com/colussim/GoLC/pkg/devops/getbitbucketdc/getbitbucketdc.go:975.2,977.16 3 0
github.com/colussim/GoLC/pkg/devops/getbitbucketdc/getbitbucketdc.go:977.16,979.3 1 0
github.com/colussim/GoLC/pkg/devops/getbitbucketdc/getbitbucketdc.go:981.2,981.24 1 0
github.com/colussim/GoLC/pkg/devops/getbitbucketdc/getbitbucketdc.go:984.78,986.16 2 0
github.com/colussim/GoLC/pkg/devops/getbitbucketdc/getbitbucketdc.go:986.16,988.3 1 0
github.com/colussim/GoLC/pkg/devops/getbitbucketdc/getbitbucketdc.go:989.2,993.16 4 0
github.com/colussim/GoLC/pkg/devops/getbitbucketdc/getbitbucketdc.go:993.16,995.3 1 0
github.com/colussim/GoLC/pkg/devops/getbitbucketdc/getbitbucketdc.go:996.2,999.16 3 0
github.com/colussim/GoLC/pkg/devops/getbitbucketdc/getbitbucketdc.go:999.16,1001.3 1 0
github.com/colussim/GoLC/pkg/devops/getbitbucketdc/getbitbucketdc.go:1003.2,1005.16 3 0
github.com/colussim/GoLC/pkg/devops/getbitbucketdc/getbitbucketdc.go:1005.16,1007.3 1 0
github.com/colussim/GoLC/pkg/devops/getbitbucketdc/getbitbucketdc.go:1009.2,1009.23 1 0
github.com/colussim/GoLC/pkg/devops/getbitbucketdc/getbitbucketdc.go:1011.72,1018.29 5 0
github.com/colussim/GoLC/pkg/devops/getbitbucketdc/getbitbucketdc.go:1018.29,1019.26 1 0
github.com/colussim/GoLC/pkg/devops/getbitbucketdc/getbitbucketdc.go:1019.26,1021.31 2 0
github.com/colussim/GoLC/pkg/devops/getbitbucketdc/getbitbucketdc.go:1021.31,1023.5 1 0
github.com/colussim/GoLC/pkg/devops/getbitbucketdc/getbitbucketdc.go:1023.10,1023.43 1 0
github.com/colussim/GoLC/pkg/devops/getbitbucketdc/getbitbucketdc.go:1023.43,1028.19 5 0
github.com/colussim/GoLC/pkg/devops/getbitbucketdc/getbitbucketdc.go:1028.19,1031.6 2 0
github.com/colussim/GoLC/pkg/devops/getbitbucketdc/getbitbucketdc.go:1032.5,1032.24 1 0
github.com/colussim/GoLC/pkg/devops/getbitbucketdc/getbitbucketdc.go:1037.2,1037.12 1 0
github.com/colussim/GoLC/pkg/devops/getbitbucketdc/getbitbucketdc.go:1037.12,1040.3 2 0
github.com/colussim/GoLC/pkg/devops/getbitbucketdc/getbitbucketdc.go:1042.2,1042.29 1 0
github.com/colussim/GoLC/pkg/devops/getbitbucketdc/getbitbucketdc.go:1042.29,1044.3 1 0
github.com/colussim/GoLC/pkg/devops/getbitbucketdc/getbitbucketdc.go:1046.2,1046.23 1 0
github.com/colussim/GoLC/pkg/devops/getbitbucketdc/getbitbucketdc.go:1049.55,1052.16 3 0
github.com/colussim/GoLC/pkg/devops/getbitbucketdc/getbitbucketdc.go:1052.16,1054.3 1 0
github.com/colussim/GoLC/pkg/devops/getbitbucketdc/getbitbucketdc.go:1056.2,1056.62 1 0
github.com/colussim/GoLC/pkg/devops/getbitbucketdc/getbitbucketdc.go:1059.58,1062.16 3 0
github.com/colussim/GoLC/pkg/devops/getbitbucketdc/getbitbucketdc.go:1062.16,1064.3 1 0
github.com/colussim/GoLC/pkg/devops/getbitbucketdc/getbitbucketdc.go:1066.2,1066.62 1 0
github.com/colussim/GoLC/pkg/devops/getbitbucketdc/getbitbucketdc.go:1069.106,1072.16 3 0
github.com/colussim/GoLC/pkg/devops/getbitbucketdc/getbitbucketdc.go:1072.16,1074.3 1 0
github.com/colussim/GoLC/pkg/devops/getbitbucketdc/getbitbucketdc.go:1075.2,1075.34 1 0
github.com/colussim/GoLC/pkg/devops/getbitbucketdc/getbitbucketdc.go:1075.34,1079.3 1 0
github.com/colussim/GoLC/pkg/devops/getbitbucketdc/getbitbucketdc.go:1081.2,1081.19 1 0
github.com/colussim/GoLC/golc.go:109.41,111.16 2 0
github.com/colussim/GoLC/golc.go:111.16,113.3 1 0
github.com/colussim/GoLC/golc.go:114.2,115.12 2 0
github.com/colussim/GoLC/golc.go:119.21,120.20 1 0
github.com/colussim/GoLC/golc.go:120.20,122.3 1 0
github.com/colussim/GoLC/golc.go:126.42,127.20 1 0
github.com/colussim/GoLC/golc.go:127.20,129.3 1 0
github.com/colussim/GoLC/golc.go:133.50,135.16 2 0
github.com/colussim/GoLC/golc.go:135.16,136.25 1 0
github.com/colussim/GoLC/golc.go:136.25,139.4 1 0
github.com/colussim/GoLC/golc.go:139.9,143.4 2 0
github.com/colussim/GoLC/golc.go:144.8,146.3 1 0
github.com/colussim/GoLC/golc.go:150.50,155.16 3 0
github.com/colussim/GoLC/golc.go:155.16,157.3 1 0
github.com/colussim/GoLC/golc.go:159.2,159.54 1 0
github.com/colussim/GoLC/golc.go:159.54,161.3 1 0
github.com/colussim/GoLC/golc.go:163.2,163.20 1 0
github.com/colussim/GoLC/golc.go:167.51,169.16 2 0
github.com/colussim/GoLC/golc.go:169.16,171.3 1 0
github.com/colussim/GoLC/golc.go:173.2,175.16 3 0
github.com/colussim/GoLC/golc.go:175.16,177.3 1 0
github.com/colussim/GoLC/golc.go:179.2,179.30 1 0
github.com/colussim/GoLC/golc.go:183.48,187.57 3 0
github.com/colussim/GoLC/golc.go:187.57,189.3 1 0
github.com/colussim/GoLC/golc.go:191.2,192.16 2 0
github.com/colussim/GoLC/golc.go:192.16,194.3 1 0
github.com/colussim/GoLC/golc.go:195.2,200.63 4 0
github.com/colussim/GoLC/golc.go:200.63,202.3 1 0
github.com/colussim/GoLC/golc.go:204.2,205.12 2 0
github.com/colussim/GoLC/golc.go:209.65,212.2 2 0
github.com/colussim/GoLC/golc.go:215.52,216.54 1 0
github.com/colussim/GoLC/golc.go:216.54,217.54 1 0
github.com/colussim/GoLC/golc.go:217.54,219.4 1 0
github.com/colussim/GoLC/golc.go:221.2,221.12 1 0
github.com/colussim/GoLC/golc.go:225.70,226.87 1 0
github.com/colussim/GoLC/golc.go:226.87,227.17 1 0
github.com/colussim/GoLC/golc.go:227.17,229.4 1 0
github.com/colussim/GoLC/golc.go:230.3,230.24 1 0
github.com/colussim/GoLC/golc.go:230.24,232.4 1 0
github.com/colussim/GoLC/golc.go:233.3,234.17 2 0
github.com/colussim/GoLC/golc.go:234.17,236.4 1 0
github.com/colussim/GoLC/golc.go:237.3,237.70 1 0
github.com/colussim/GoLC/golc.go:237.70,239.4 1 0
github.com/colussim/GoLC/golc.go:240.3,240.13 1 0
github.com/colussim/GoLC/golc.go:244.96,246.16 2 0
github.com/colussim/GoLC/golc.go:246.16,248.3 1 0
github.com/colussim/GoLC/golc.go:249.2,249.23 1 0
github.com/colussim/GoLC/golc.go:249.23,251.17 2 0
github.com/colussim/GoLC/golc.go:251.17,253.4 1 0
github.com/colussim/GoLC/golc.go:254.3,256.17 3 0
github.com/colussim/GoLC/golc.go:256.17,258.4 1 0
github.com/colussim/GoLC/golc.go:260.2,260.12 1 0
github.com/colussim/GoLC/golc.go:264.281,276.45 8 0
github.com/colussim/GoLC/golc.go:276.45,277.89 1 0
github.com/colussim/GoLC/golc.go:277.89,282.33 4 0
github.com/colussim/GoLC/golc.go:282.33,283.38 1 0
github.com/colussim/GoLC/golc.go:283.38,285.6 1 0
github.com/colussim/GoLC/golc.go:286.5,286.31 1 0
github.com/colussim/GoLC/golc.go:289.4,289.55 1 0
github.com/colussim/GoLC/golc.go:289.55,291.5 1 0
github.com/colussim/GoLC/golc.go:292.4,292.38 1 0
github.com/colussim/GoLC/golc.go:293.9,295.53 1 0
github.com/colussim/GoLC/golc.go:295.53,297.5 1 0
github.com/colussim/GoLC/golc.go:298.4,298.58 1 0
github.com/colussim/GoLC/golc.go:300.8,302.52 1 0
github.com/colussim/GoLC/golc.go:302.52,305.4 1 0
github.com/colussim/GoLC/golc.go:308.2,308.38 1 0
github.com/colussim/GoLC/golc.go:314.161,324.2 3 0
github.com/colussim/GoLC/golc.go:327.182,337.2 3 0
github.com/colussim/GoLC/golc.go:340.163,350.2 3 0
github.com/colussim/GoLC/golc.go:353.163,363.2 3 0
github.com/colussim/GoLC/golc.go:365.163,375.2 3 0
github.com/colussim/GoLC/golc.go:378.124,380.31 2 0
github.com/colussim/GoLC/golc.go:380.31,382.3 1 0
github.com/colussim/GoLC/golc.go:382.8,384.3 1 0
github.com/colussim/GoLC/golc.go:385.2,408.16 6 0
github.com/colussim/GoLC/golc.go:408.16,411.3 2 0
github.com/colussim/GoLC/golc.go:413.2,418.17 4 0
github.com/colussim/GoLC/golc.go:418.17,420.3 1 0
github.com/colussim/GoLC/golc.go:422.2,426.14 3 0
github.com/colussim/GoLC/golc.go:430.55,431.34 1 0
github.com/colussim/GoLC/golc.go:431.34,434.3 2 0
github.com/colussim/GoLC/golc.go:440.140,442.29 2 0
github.com/colussim/GoLC/golc.go:442.29,444.3 1 0
github.com/colussim/GoLC/golc.go:445.2,445.93 1 0
github.com/colussim/GoLC/golc.go:449.144,453.29 4 0
github.com/colussim/GoLC/golc.go:453.29,455.3 1 0
github.com/colussim/GoLC/golc.go:456.2,456.221 1 0
github.com/colussim/GoLC/golc.go:456.221,458.3 1 0
github.com/colussim/GoLC/golc.go:462.140,464.29 2 0
github.com/colussim/GoLC/golc.go:464.29,466.3 1 0
github.com/colussim/GoLC/golc.go:467.2,467.95 1 0
github.com/colussim/GoLC/golc.go:471.140,473.29 2 0
github.com/colussim/GoLC/golc.go:473.29,475.3 1 0
github.com/colussim/GoLC/golc.go:476.2,476.95 1 0
github.com/colussim/GoLC/golc.go:480.138,482.29 2 0
github.com/colussim/GoLC/golc.go:482.29,484.3 1 0
github.com/colussim/GoLC/golc.go:485.2,485.95 1 0
github.com/colussim/GoLC/golc.go:490.69,497.49 4 0
github.com/colussim/GoLC/golc.go:497.49,498.23 1 0
github.com/colussim/GoLC/golc.go:498.23,530.18 10 0
github.com/colussim/GoLC/golc.go:530.18,533.5 2 0
github.com/colussim/GoLC/golc.go:535.4,538.11 4 0
github.com/colussim/GoLC/golc.go:542.2,542.11 1 0
github.com/colussim/GoLC/golc.go:547.55,549.16 2 0
github.com/colussim/GoLC/golc.go:549.16,552.3 2 0
github.com/colussim/GoLC/golc.go:554.2,554.10 1 0
github.com/colussim/GoLC/golc.go:557.141,581.16 5 0
github.com/colussim/GoLC/golc.go:581.16,584.3 2 0
github.com/colussim/GoLC/golc.go:586.2,591.16 4 0
github.com/colussim/GoLC/golc.go:591.16,594.3 2 0
github.com/colussim/GoLC/golc.go:596.2,596.12 1 0
github.com/colussim/GoLC/golc.go:600.51,603.16 2 0
github.com/colussim/GoLC/golc.go:603.16,605.3 1 0
github.com/colussim/GoLC/golc.go:606.2,612.21 4 0
github.com/colussim/GoLC/golc.go:612.21,614.3 1 0
github.com/colussim/GoLC/golc.go:616.2,616.38 1 0
github.com/colussim/GoLC/golc.go:616.38,618.3 1 0
github.com/colussim/GoLC/golc.go:620.2,620.19 1 0
github.com/colussim/GoLC/golc.go:623.25,627.45 3 0
github.com/colussim/GoLC/golc.go:627.45,633.53 4 0
github.com/colussim/GoLC/golc.go:633.53,634.37 1 0
github.com/colussim/GoLC/golc.go:634.37,636.5 1 0
github.com/colussim/GoLC/golc.go:639.3,639.98 1 0
github.com/colussim/GoLC/golc.go:643.13,664.15 15 0
github.com/colussim/GoLC/golc.go:664.15,669.3 4 0
github.com/colussim/GoLC/golc.go:671.2,671.20 1 0
github.com/colussim/GoLC/golc.go:671.20,674.3 2 0
github.com/colussim/GoLC/golc.go:676.2,676.18 1 0
github.com/colussim/GoLC/golc.go:676.18,679.3 2 0
github.com/colussim/GoLC/golc.go:681.2,681.23 1 0
github.com/colussim/GoLC/golc.go:681.23,685.3 3 0
github.com/colussim/GoLC/golc.go:687.2,688.16 2 0
github.com/colussim/GoLC/golc.go:688.16,691.3 2 0
github.com/colussim/GoLC/golc.go:693.2,694.9 2 0
github.com/colussim/GoLC/golc.go:694.9,698.3 3 0
github.com/colussim/GoLC/golc.go:700.2,705.16 3 0
github.com/colussim/GoLC/golc.go:705.16,707.3 1 0
github.com/colussim/GoLC/golc.go:708.2,711.16 3 0
github.com/colussim/GoLC/golc.go:711.16,717.41 4 0
github.com/colussim/GoLC/golc.go:717.41,723.54 4 0
github.com/colussim/GoLC/golc.go:723.54,726.19 2 0
github.com/colussim/GoLC/golc.go:726.19,729.6 2 0
github.com/colussim/GoLC/golc.go:732.4,733.18 2 0
github.com/colussim/GoLC/golc.go:733.18,736.5 2 0
github.com/colussim/GoLC/golc.go:737.4,737.70 1 0
github.com/colussim/GoLC/golc.go:737.70,738.15 1 0
github.com/colussim/GoLC/golc.go:740.4,741.68 2 0
github.com/colussim/GoLC/golc.go:741.68,742.15 1 0
github.com/colussim/GoLC/golc.go:744.9,746.4 1 0
github.com/colussim/GoLC/golc.go:748.8,748.31 1 0
github.com/colussim/GoLC/golc.go:748.31,749.69 1 0
github.com/colussim/GoLC/golc.go:749.69,750.14 1 0
github.com/colussim/GoLC/golc.go:752.3,753.67 2 0
github.com/colussim/GoLC/golc.go:753.67,754.14 1 0
github.com/colussim/GoLC/golc.go:758.2,764.16 4 0
github.com/colussim/GoLC/golc.go:764.16,767.3 2 0
github.com/colussim/GoLC/golc.go:768.2,773.16 3 0
github.com/colussim/GoLC/golc.go:773.16,776.3 2 0
github.com/colussim/GoLC/golc.go:777.2,781.61 2 0
github.com/colussim/GoLC/golc.go:783.15,790.17 5 0
github.com/colussim/GoLC/golc.go:790.17,794.4 2 0
github.com/colussim/GoLC/golc.go:796.3,796.27 1 0
github.com/colussim/GoLC/golc.go:796.27,800.4 2 0
github.com/colussim/GoLC/golc.go:800.9,804.4 1 0
github.com/colussim/GoLC/golc.go:806.16,814.16 5 0
github.com/colussim/GoLC/golc.go:814.16,819.18 4 0
github.com/colussim/GoLC/golc.go:819.18,822.5 2 0
github.com/colussim/GoLC/golc.go:823.9,827.18 3 0
github.com/colussim/GoLC/golc.go:827.18,830.5 2 0
github.com/colussim/GoLC/golc.go:832.4,832.30 1 0
github.com/colussim/GoLC/golc.go:832.30,836.5 2 0
github.com/colussim/GoLC/golc.go:836.10,840.5 1 0
github.com/colussim/GoLC/golc.go:843.16,851.17 5 0
github.com/colussim/GoLC/golc.go:851.17,854.4 2 0
github.com/colussim/GoLC/golc.go:856.3,856.27 1 0
github.com/colussim/GoLC/golc.go:856.27,860.4 2 0
github.com/colussim/GoLC/golc.go:860.9,864.4 1 0
github.com/colussim/GoLC/golc.go:866.22,873.17 5 0
github.com/colussim/GoLC/golc.go:873.17,876.4 2 0
github.com/colussim/GoLC/golc.go:878.3,878.25 1 0
github.com/colussim/GoLC/golc.go:878.25,882.4 2 0
github.com/colussim/GoLC/golc.go:882.9,886.4 1 0
github.com/colussim/GoLC/golc.go:888.19,896.17 5 0
github.com/colussim/GoLC/golc.go:896.17,899.4 2 0
github.com/colussim/GoLC/golc.go:900.3,900.26 1 0
github.com/colussim/GoLC/golc.go:900.26,904.4 2 0
github.com/colussim/GoLC/golc.go:904.9,908.4 1 0
github.com/colussim/GoLC/golc.go:910.14,915.29 3 0
github.com/colussim/GoLC/golc.go:915.29,917.18 2 0
github.com/colussim/GoLC/golc.go:917.18,920.5 2 0
github.com/colussim/GoLC/golc.go:921.9,924.4 1 0
github.com/colussim/GoLC/golc.go:926.3,926.22 1 0
github.com/colussim/GoLC/golc.go:926.22,928.18 2 0
github.com/colussim/GoLC/golc.go:928.18,931.5 2 0
github.com/colussim/GoLC/golc.go:932.4,932.31 1 0
github.com/colussim/GoLC/golc.go:932.31,934.5 1 0
github.com/colussim/GoLC/golc.go:935.9,936.54 1 0
github.com/colussim/GoLC/golc.go:936.54,939.5 2 0
github.com/colussim/GoLC/golc.go:939.10,941.5 1 0
github.com/colussim/GoLC/golc.go:943.3,944.53 2 0
github.com/colussim/GoLC/golc.go:948.2,956.16 7 0
github.com/colussim/GoLC/golc.go:956.16,959.3 2 0
github.com/colussim/GoLC/golc.go:962.2,965.29 2 0
github.com/colussim/GoLC/golc.go:965.29,967.63 1 0
github.com/colussim/GoLC/golc.go:967.63,971.18 3 0
github.com/colussim/GoLC/golc.go:971.18,973.13 2 0
github.com/colussim/GoLC/golc.go:977.4,979.18 3 0
github.com/colussim/GoLC/golc.go:979.18,981.13 2 0
github.com/colussim/GoLC/golc.go:984.4,987.49 2 0
github.com/colussim/GoLC/golc.go:987.49,991.52 3 0
github.com/colussim/GoLC/golc.go:991.52,994.6 2 0
github.com/colussim/GoLC/golc.go:994.11,998.6 3 0
github.com/colussim/GoLC/golc.go:1003.2,1017.16 5 0
github.com/colussim/GoLC/golc.go:1017.16,1020.3 2 0
github.com/colussim/GoLC/golc.go:1022.2,1023.16 2 0
github.com/colussim/GoLC/golc.go:1023.16,1026.3 2 0
github.com/colussim/GoLC/golc.go:1027.2,1030.16 3 0
github.com/colussim/GoLC/golc.go:1030.16,1033.3 2 0
github.com/colussim/GoLC/golc.go:1035.2,1044.49 7 0
github.com/colussim/GoLC/golc.go:1044.49,1052.3 6 0
github.com/colussim/GoLC/golc.go:1052.8,1059.3 5 0
github.com/colussim/GoLC/golc.go:1061.2,1067.16 5 0
github.com/colussim/GoLC/golc.go:1067.16,1070.3 2 0
github.com/colussim/GoLC/golc.go:1072.2,1073.39 2 0
github.com/colussim/GoLC/pkg/filesystem/filesystem.go:7.81,10.40 2 0
github.com/colussim/GoLC/pkg/filesystem/filesystem.go:10.40,12.17 2 0
github.com/colussim/GoLC/pkg/filesystem/filesystem.go:12.17,14.4 1 0
github.com/colussim/GoLC/pkg/filesystem/filesystem.go:15.3,15.48 1 0
github.com/colussim/GoLC/pkg/filesystem/filesystem.go:18.2,18.25 1 0
github.com/colussim/GoLC/pkg/analyzer/analyzer.go:29.13,37.2 1 0
github.com/colussim/GoLC/pkg/analyzer/analyzer.go:39.60,42.84 2 0
github.com/colussim/GoLC/pkg/analyzer/analyzer.go:42.84,43.17 1 0
github.com/colussim/GoLC/pkg/analyzer/analyzer.go:43.17,45.4 1 0
github.com/colussim/GoLC/pkg/analyzer/analyzer.go:47.3,47.19 1 0
github.com/colussim/GoLC/pkg/analyzer/analyzer.go:47.19,49.4 1 0
github.com/colussim/GoLC/pkg/analyzer/analyzer.go:51.3,52.36 2 0
github.com/colussim/GoLC/pkg/analyzer/analyzer.go:52.36,59.4 2 0
github.com/colussim/GoLC/pkg/analyzer/analyzer.go:61.3,61.13 1 0
github.com/colussim/GoLC/pkg/analyzer/analyzer.go:64.2,64.19 1 0
github.com/colussim/GoLC/pkg/analyzer/analyzer.go:67.57,70.21 2 0
github.com/colussim/GoLC/pkg/analyzer/analyzer.go:70.21,72.3 1 0
github.com/colussim/GoLC/pkg/analyzer/analyzer.go:74.2,74.18 1 0
github.com/colussim/GoLC/pkg/analyzer/analyzer.go:77.63,78.47 1 0
github.com/colussim/GoLC/pkg/analyzer/analyzer.go:78.47,79.45 1 0
github.com/colussim/GoLC/pkg/analyzer/analyzer.go:79.45,81.4 1 0
github.com/colussim/GoLC/pkg/analyzer/analyzer.go:84.2,84.34 1 0
github.com/colussim/GoLC/pkg/analyzer/analyzer.go:84.34,87.3 2 0
github.com/colussim/GoLC/pkg/analyzer/analyzer.go:89.2,89.64 1 0
github.com/colussim/GoLC/pkg/analyzer/analyzer.go:89.64,91.3 1 0
github.com/colussim/GoLC/pkg/analyzer/analyzer.go:93.2,94.11 2 0
github.com/colussim/GoLC/pkg/devops/getgithub/getgithub.go:135.67,139.16 3 0
github.com/colussim/GoLC/pkg/devops/getgithub/getgithub.go:139.16,141.3 1 0
github.com/colussim/GoLC/pkg/devops/getgithub/getgithub.go:142.2,145.21 3 0
github.com/colussim/GoLC/pkg/devops/getgithub/getgithub.go:145.21,147.21 2 0
github.com/colussim/GoLC/pkg/devops/getgithub/getgithub.go:147.21,149.4 1 0
github.com/colussim/GoLC/pkg/devops/getgithub/getgithub.go:152.2,152.38 1 0
github.com/colussim/GoLC/pkg/devops/getgithub/getgithub.go:152.38,154.3 1 0
github.com/colussim/GoLC/pkg/devops/getgithub/getgithub.go:156.2,156.23 1 0
github.com/colussim/GoLC/pkg/devops/getgithub/getgithub.go:160.67,163.2 2 0
github.com/colussim/GoLC/pkg/devops/getgithub/getgithub.go:165.46,168.16 2 0
github.com/colussim/GoLC/pkg/devops/getgithub/getgithub.go:168.16,171.3 2 0
github.com/colussim/GoLC/pkg/devops/getgithub/getgithub.go:172.2,178.47 3 0
github.com/colussim/GoLC/pkg/devops/getgithub/getgithub.go:178.47,181.3 2 0
github.com/colussim/GoLC/pkg/devops/getgithub/getgithub.go:183.2,184.12 2 0
github.com/colussim/GoLC/pkg/devops/getgithub/getgithub.go:187.42,190.16 2 0
github.com/colussim/GoLC/pkg/devops/getgithub/getgithub.go:190.16,193.3 2 0
github.com/colussim/GoLC/pkg/devops/getgithub/getgithub.go:194.2,200.47 3 0
github.com/colussim/GoLC/pkg/devops/getgithub/getgithub.go:200.47,203.3 2 0
github.com/colussim/GoLC/pkg/devops/getgithub/getgithub.go:206.2,206.12 1 0
github.com/colussim/GoLC/pkg/devops/getgithub/getgithub.go:209.57,212.16 2 0
github.com/colussim/GoLC/pkg/devops/getgithub/getgithub.go:212.16,215.3 2 0
github.com/colussim/GoLC/pkg/devops/getgithub/getgithub.go:216.2,222.46 3 0
github.com/colussim/GoLC/pkg/devops/getgithub/getgithub.go:222.46,225.3 2 0
github.com/colussim/GoLC/pkg/devops/getgithub/getgithub.go:228.2,228.12 1 0
github.com/colussim/GoLC/pkg/devops/getgithub/getgithub.go:230.50,233.16 2 0
github.com/colussim/GoLC/pkg/devops/getgithub/getgithub.go:233.16,236.3 2 0
github.com/colussim/GoLC/pkg/devops/getgithub/getgithub.go:237.2,243.46 3 0
github.com/colussim/GoLC/pkg/devops/getgithub/getgithub.go:243.46,246.3 2 0
github.com/colussim/GoLC/pkg/devops/getgithub/getgithub.go:248.2,249.12 2 0
github.com/colussim/GoLC/pkg/devops/getgithub/getgithub.go:252.39,255.16 2 0
github.com/colussim/GoLC/pkg/devops/getgithub/getgithub.go:255.16,258.3 2 0
github.com/colussim/GoLC/pkg/devops/getgithub/getgithub.go:259.2,265.45 3 0
github.com/colussim/GoLC/pkg/devops/getgithub/getgithub.go:265.45,268.3 2 0
github.com/colussim/GoLC/pkg/devops/getgithub/getgithub.go:270.2,271.12 2 0
github.com/colussim/GoLC/pkg/devops/getgithub/getgithub.go:274.133,285.35 8 0
github.com/colussim/GoLC/pkg/devops/getgithub/getgithub.go:285.35,287.25 2 0
github.com/colussim/GoLC/pkg/devops/getgithub/getgithub.go:287.25,289.12 2 0
github.com/colussim/GoLC/pkg/devops/getgithub/getgithub.go:291.3,291.83 1 0
github.com/colussim/GoLC/pkg/devops/getgithub/getgithub.go:291.83,294.12 3 0
github.com/colussim/GoLC/pkg/devops/getgithub/getgithub.go:296.3,297.17 2 0
github.com/colussim/GoLC/pkg/devops/getgithub/getgithub.go:297.17,299.12 2 0
github.com/colussim/GoLC/pkg/devops/getgithub/getgithub.go:301.3,301.15 1 0
github.com/colussim/GoLC/pkg/devops/getgithub/getgithub.go:301.15,310.4 3 0
github.com/colussim/GoLC/pkg/devops/getgithub/getgithub.go:310.9,312.4 1 0
github.com/colussim/GoLC/pkg/devops/getgithub/getgithub.go:313.3,313.8 1 0
github.com/colussim/GoLC/pkg/devops/getgithub/getgithub.go:316.2,320.43 2 0
github.com/colussim/GoLC/pkg/devops/getgithub/getgithub.go:320.43,323.3 2 0
github.com/colussim/GoLC/pkg/devops/getgithub/getgithub.go:325.2,325.96 1 0
github.com/colussim/GoLC/pkg/devops/getgithub/getgithub.go:328.180,345.20 11 0
github.com/colussim/GoLC/pkg/devops/getgithub/getgithub.go:345.20,352.3 4 0
github.com/colussim/GoLC/pkg/devops/getgithub/getgithub.go:352.8,352.35 1 0
github.com/colussim/GoLC/pkg/devops/getgithub/getgithub.go:352.35,355.17 2 0
github.com/colussim/GoLC/pkg/devops/getgithub/getgithub.go:355.17,360.4 3 0
github.com/colussim/GoLC/pkg/devops/getgithub/getgithub.go:360.9,363.18 2 0
github.com/colussim/GoLC/pkg/devops/getgithub/getgithub.go:363.18,367.5 3 0
github.com/colussim/GoLC/pkg/devops/getgithub/getgithub.go:368.4,369.30 2 0
github.com/colussim/GoLC/pkg/devops/getgithub/getgithub.go:371.8,374.17 2 0
github.com/colussim/GoLC/pkg/devops/getgithub/getgithub.go:374.17,378.4 3 0
github.com/colussim/GoLC/pkg/devops/getgithub/getgithub.go:379.3,380.29 2 0
github.com/colussim/GoLC/pkg/devops/getgithub/getgithub.go:383.2,384.16 2 0
github.com/colussim/GoLC/pkg/devops/getgithub/getgithub.go:384.16,388.3 3 0
github.com/colussim/GoLC/pkg/devops/getgithub/getgithub.go:390.2,397.36 5 0
github.com/colussim/GoLC/pkg/devops/getgithub/getgithub.go:400.153,402.6 2 0
[...]
github.com/colussim/GoLC/pkg/devops/getgithub/getgithub.go:845.134,857.35 9 0
github.com/colussim/GoLC/pkg/devops/getgithub/getgithub.go:857.35,862.25 2 0
github.com/colussim/GoLC/pkg/devops/getgithub/getgithub.go:862.25,864.12 2 0
github.com/colussim/GoLC/pkg/devops/getgithub/getgithub.go:868.3,868.36 1 0
github.com/colussim/GoLC/pkg/devops/getgithub/getgithub.go:868.36,869.51 1 0
github.com/colussim/GoLC/pkg/devops/getgithub/getgithub.go:869.51,872.13 3 0
github.com/colussim/GoLC/pkg/devops/getgithub/getgithub.go:876.3,877.17 2 0
github.com/colussim/GoLC/pkg/devops/getgithub/getgithub.go:877.17,879.12 2 0
github.com/colussim/GoLC/pkg/devops/getgithub/getgithub.go:882.3,882.15 1 0
github.com/colussim/GoLC/pkg/devops/getgithub/getgithub.go:882.15,895.18 11 0
github.com/colussim/GoLC/pkg/devops/getgithub/getgithub.go:895.18,898.5 2 0
github.com/colussim/GoLC/pkg/devops/getgithub/getgithub.go:900.4,900.39 1 0
github.com/colussim/GoLC/pkg/devops/getgithub/getgithub.go:900.39,901.46 1 0
github.com/colussim/GoLC/pkg/devops/getgithub/getgithub.go:901.46,913.6 4 0
github.com/colussim/GoLC/pkg/devops/getgithub/getgithub.go:916.4,927.18 3 0
github.com/colussim/GoLC/pkg/devops/getgithub/getgithub.go:927.18,930.5 2 0
github.com/colussim/GoLC/pkg/devops/getgithub/getgithub.go:933.4,935.18 3 0
github.com/colussim/GoLC/pkg/devops/getgithub/getgithub.go:935.18,938.5 2 0
github.com/colussim/GoLC/pkg/devops/getgithub/getgithub.go:939.4,942.18 3 0
github.com/colussim/GoLC/pkg/devops/getgithub/getgithub.go:942.18,945.5 2 0
github.com/colussim/GoLC/pkg/devops/getgithub/getgithub.go:947.4,947.62 1 0
github.com/colussim/GoLC/pkg/devops/getgithub/getgithub.go:949.9,951.4 1 0
github.com/colussim/GoLC/pkg/devops/getgithub/getgithub.go:954.2,954.67 1 0
github.com/colussim/GoLC/pkg/devops/getgithub/getgithub.go:957.99,960.63 2 0
github.com/colussim/GoLC/pkg/devops/getgithub/getgithub.go:960.63,965.3 3 0
github.com/colussim/GoLC/pkg/devops/getgithub/getgithub.go:966.2,966.16 1 0
github.com/colussim/GoLC/pkg/devops/getgithub/getgithub.go:966.16,969.35 2 0
github.com/colussim/GoLC/pkg/devops/getgithub/getgithub.go:969.35,970.57 1 0
github.com/colussim/GoLC/pkg/devops/getgithub/getgithub.go:970.57,972.5 1 0
github.com/colussim/GoLC/pkg/devops/getgithub/getgithub.go:972.10,974.5 1 0
github.com/colussim/GoLC/pkg/devops/getgithub/getgithub.go:975.9,977.4 1 0
github.com/colussim/GoLC/pkg/devops/getgithub/getgithub.go:981.2,982.13 2 0
github.com/colussim/GoLC/pkg/devops/getgithub/getgithub.go:982.13,984.3 1 0
github.com/colussim/GoLC/pkg/devops/getgithub/getgithub.go:984.8,986.3 1 0
github.com/colussim/GoLC/pkg/devops/getgithub/getgithub.go:989.62,990.40 1 0
github.com/colussim/GoLC/pkg/devops/getgithub/getgithub.go:990.40,994.3 3 0
github.com/colussim/GoLC/pkg/devops/getgithub/getgithub.go:997.75,1002.6 3 0
github.com/colussim/GoLC/pkg/devops/getgithub/getgithub.go:1002.6,1004.17 2 0
github.com/colussim/GoLC/pkg/devops/getgithub/getgithub.go:1004.17,1006.4 1 0
github.com/colussim/GoLC/pkg/devops/getgithub/getgithub.go:1007.3,1012.17 5 0
github.com/colussim/GoLC/pkg/devops/getgithub/getgithub.go:1012.17,1014.4 1 0
github.com/colussim/GoLC/pkg/devops/getgithub/getgithub.go:1015.3,1017.39 2 0
github.com/colussim/GoLC/pkg/devops/getgithub/getgithub.go:1017.39,1019.4 1 0
github.com/colussim/GoLC/pkg/devops/getgithub/getgithub.go:1021.3,1023.17 3 0
github.com/colussim/GoLC/pkg/devops/getgithub/getgithub.go:1023.17,1025.4 1 0
github.com/colussim/GoLC/pkg/devops/getgithub/getgithub.go:1026.3,1029.24 3 0
github.com/colussim/GoLC/pkg/devops/getgithub/getgithub.go:1029.24,1030.9 1 0
github.com/colussim/GoLC/pkg/devops/getgithub/getgithub.go:1032.3,1032.20 1 0
github.com/colussim/GoLC/pkg/devops/getgithub/getgithub.go:1035.2,1035.22 1 0
github.com/colussim/GoLC/pkg/devops/getgithub/getgithub.go:1039.45,1041.22 2 0
github.com/colussim/GoLC/pkg/devops/getgithub/getgithub.go:1041.22,1043.3 1 0
github.com/colussim/GoLC/pkg/devops/getgithub/getgithub.go:1045.2,1046.29 2 0
github.com/colussim/GoLC/pkg/devops/getgithub/getgithub.go:1046.29,1048.66 2 0
github.com/colussim/GoLC/pkg/devops/getgithub/getgithub.go:1048.66,1050.4 1 0
github.com/colussim/GoLC/pkg/devops/getgithub/getgithub.go:1053.2,1053.11 1 0
github.com/colussim/GoLC/pkg/getter/getter.go:16.43,19.2 2 0
github.com/colussim/GoLC/pkg/getter/getter.go:21.41,32.16 9 0
github.com/colussim/GoLC/pkg/getter/getter.go:32.16,34.3 1 0
github.com/colussim/GoLC/pkg/getter/getter.go:36.2,38.16 3 0
github.com/colussim/GoLC/pkg/getter/getter.go:38.16,40.3 1 0
github.com/colussim/GoLC/pkg/getter/getter.go:42.2,50.37 2 0
github.com/colussim/GoLC/pkg/getter/getter.go:50.37,52.3 1 0
github.com/colussim/GoLC/pkg/getter/getter.go:54.2,55.16 2 0
github.com/colussim/GoLC/pkg/getter/getter.go:55.16,57.3 1 0
github.com/colussim/GoLC/pkg/getter/getter.go:59.2,59.13 1 0
github.com/colussim/GoLC/pkg/getter/getter.go:59.13,61.17 2 0
github.com/colussim/GoLC/pkg/getter/getter.go:61.17,63.4 1 0
github.com/colussim/GoLC/pkg/getter/getter.go:65.3,65.21 1 0
github.com/colussim/GoLC/pkg/getter/getter.go:68.2,68.17 1 0
github.com/colussim/GoLC/pkg/getter/getter.go:71.47,77.2 1 0
github.com/colussim/GoLC/pkg/getter/getter.go:79.37,82.16 3 0
github.com/colussim/GoLC/pkg/getter/getter.go:82.16,84.3 1 0
github.com/colussim/GoLC/pkg/getter/getter.go:86.2,86.43 1 0
github.com/colussim/GoLC/pkg/getter/getter.go:89.43,91.16 2 0
github.com/colussim/GoLC/pkg/getter/getter.go:91.16,93.3 1 0
github.com/colussim/GoLC/pkg/getter/getter.go:95.2,95.45 1 0
github.com/colussim/GoLC/pkg/reporter/json/json_reporter.go:44.85,54.36 2 0
github.com/colussim/GoLC/pkg/reporter/json/json_reporter.go:54.36,63.3 1 0
github.com/colussim/GoLC/pkg/reporter/json/json_reporter.go:65.2,65.32 1 0
github.com/colussim/GoLC/pkg/reporter/json/json_reporter.go:68.81,77.36 2 0
github.com/colussim/GoLC/pkg/reporter/json/json_reporter.go:77.36,85.3 1 0
github.com/colussim/GoLC/pkg/reporter/json/json_reporter.go:87.2,87.32 1 0
github.com/colussim/GoLC/pkg/reporter/json/json_reporter.go:90.59,92.16 2 0
github.com/colussim/GoLC/pkg/reporter/json/json_reporter.go:92.16,94.3 1 0
github.com/colussim/GoLC/pkg/reporter/json/json_reporter.go:96.2,97.45 2 0
github.com/colussim/GoLC/pkg/reporter/json/json_reporter.go:97.45,99.3 1 0
github.com/colussim/GoLC/pkg/reporter/json/json_reporter.go:101.2,102.55 2 0
github.com/colussim/GoLC/pkg/reporter/json/json_reporter.go:102.55,104.3 1 0
github.com/colussim/GoLC/pkg/reporter/json/json_reporter.go:106.2,108.12 2 0
github.com/colussim/GoLC/pkg/goloc/goloc.go:49.76,53.29 3 0
github.com/colussim/GoLC/pkg/goloc/goloc.go:53.29,55.17 2 0
github.com/colussim/GoLC/pkg/goloc/goloc.go:55.17,58.4 1 0
github.com/colussim/GoLC/pkg/goloc/goloc.go:59.8,61.17 2 0
github.com/colussim/GoLC/pkg/goloc/goloc.go:61.17,63.4 1 0
github.com/colussim/GoLC/pkg/goloc/goloc.go:64.3,65.27 2 0
github.com/colussim/GoLC/pkg/goloc/goloc.go:65.27,68.4 2 0
github.com/colussim/GoLC/pkg/goloc/goloc.go:68.9,71.4 1 0
github.com/colussim/GoLC/pkg/goloc/goloc.go:73.2,74.16 2 0
github.com/colussim/GoLC/pkg/goloc/goloc.go:74.16,76.3 1 0
github.com/colussim/GoLC/pkg/goloc/goloc.go:78.2,99.8 5 0
github.com/colussim/GoLC/pkg/goloc/goloc.go:102.30,104.16 2 0
github.com/colussim/GoLC/pkg/goloc/goloc.go:104.16,106.3 1 0
github.com/colussim/GoLC/pkg/goloc/goloc.go:108.2,109.16 2 0
github.com/colussim/GoLC/pkg/goloc/goloc.go:109.16,111.3 1 0
github.com/colussim/GoLC/pkg/goloc/goloc.go:113.2,117.42 3 0
github.com/colussim/GoLC/pkg/goloc/goloc.go:120.64,124.2 3 0
github.com/colussim/GoLC/pkg/goloc/goloc.go:126.78,129.24 2 0
github.com/colussim/GoLC/pkg/goloc/goloc.go:129.24,131.3 1 0
github.com/colussim/GoLC/pkg/goloc/goloc.go:133.2,133.24 1 0
github.com/colussim/GoLC/pkg/goloc/goloc.go:133.24,135.3 1 0
github.com/colussim/GoLC/pkg/goloc/goloc.go:137.2,137.24 1 0
github.com/colussim/GoLC/pkg/goloc/goloc.go:137.24,139.3 1 0
github.com/colussim/GoLC/pkg/goloc/goloc.go:141.2,141.27 1 0
github.com/colussim/GoLC/pkg/goloc/goloc.go:141.27,143.3 1 0
github.com/colussim/GoLC/pkg/goloc/goloc.go:145.2,145.25 1 0
github.com/colussim/GoLC/pkg/goloc/goloc.go:145.25,147.3 1 0
github.com/colussim/GoLC/pkg/goloc/goloc.go:149.2,149.24 1 0
github.com/colussim/GoLC/pkg/goloc/goloc.go:149.24,150.66 1 0
github.com/colussim/GoLC/pkg/goloc/goloc.go:150.66,152.4 1 0
github.com/colussim/GoLC/pkg/goloc/goloc.go:155.2,155.44 1 0
github.com/colussim/GoLC/pkg/goloc/goloc.go:158.77,159.22 1 0
github.com/colussim/GoLC/pkg/goloc/goloc.go:159.22,160.41 1 0
github.com/colussim/GoLC/pkg/goloc/goloc.go:160.41,161.71 1 0
github.com/colussim/GoLC/pkg/goloc/goloc.go:161.71,163.5 1 0
github.com/colussim/GoLC/pkg/goloc/goloc.go:165.3,165.13 1 0
github.com/colussim/GoLC/pkg/goloc/goloc.go:168.2,168.40 1 0
github.com/colussim/GoLC/pkg/goloc/goloc.go:168.40,169.74 1 0
github.com/colussim/GoLC/pkg/goloc/goloc.go:169.74,171.4 1 0
github.com/colussim/GoLC/pkg/goloc/goloc.go:174.2,174.12 1 0
github.com/colussim/GoLC/pkg/goloc/goloc.go:177.71,180.48 2 0
github.com/colussim/GoLC/pkg/goloc/goloc.go:180.48,181.53 1 0
github.com/colussim/GoLC/pkg/goloc/goloc.go:181.53,183.4 1 0
github.com/colussim/GoLC/pkg/goloc/goloc.go:186.2,186.19 1 0
github.com/colussim/GoLC/pkg/goloc/goloc.go:189.57,190.12 1 0
github.com/colussim/GoLC/pkg/goloc/goloc.go:190.12,192.3 1 0
github.com/colussim/GoLC/pkg/goloc/goloc.go:194.2,194.40 1 0
github.com/colussim/GoLC/pkg/goloc/goloc.go:197.94,200.39 2 0
github.com/colussim/GoLC/pkg/goloc/goloc.go:200.39,201.17 1 0
github.com/colussim/GoLC/pkg/goloc/goloc.go:202.17,203.58 1 0
github.com/colussim/GoLC/pkg/goloc/goloc.go:204.15,208.6 1 0
github.com/colussim/GoLC/pkg/goloc/goloc.go:209.11,210.58 1 0
github.com/colussim/GoLC/pkg/goloc/goloc.go:214.2,214.18 1 0
github.com/colussim/GoLC/pkg/scanner/scanner.go:25.56,29.2 1 0
github.com/colussim/GoLC/pkg/scanner/scanner.go:31.78,35.29 3 0
github.com/colussim/GoLC/pkg/scanner/scanner.go:35.29,37.17 2 0
github.com/colussim/GoLC/pkg/scanner/scanner.go:37.17,39.4 1 0
github.com/colussim/GoLC/pkg/scanner/scanner.go:40.3,41.36 2 0
github.com/colussim/GoLC/pkg/scanner/scanner.go:44.2,44.21 1 0
github.com/colussim/GoLC/pkg/scanner/scanner.go:47.72,62.2 1 0
github.com/colussim/GoLC/pkg/scanner/scanner.go:64.77,70.16 5 0
github.com/colussim/GoLC/pkg/scanner/scanner.go:70.16,72.3 1 0
github.com/colussim/GoLC/pkg/scanner/scanner.go:73.2,78.25 5 0
github.com/colussim/GoLC/pkg/scanner/scanner.go:78.25,81.23 2 0
github.com/colussim/GoLC/pkg/scanner/scanner.go:81.23,83.66 2 0
github.com/colussim/GoLC/pkg/scanner/scanner.go:83.66,85.5 1 0
github.com/colussim/GoLC/pkg/scanner/scanner.go:86.4,86.12 1 0
github.com/colussim/GoLC/pkg/scanner/scanner.go:89.3,89.27 1 0
github.com/colussim/GoLC/pkg/scanner/scanner.go:89.27,91.12 2 0
github.com/colussim/GoLC/pkg/scanner/scanner.go:94.3,94.76 1 0
github.com/colussim/GoLC/pkg/scanner/scanner.go:94.76,98.66 4 0
github.com/colussim/GoLC/pkg/scanner/scanner.go:98.66,100.5 1 0
github.com/colussim/GoLC/pkg/scanner/scanner.go:101.4,101.12 1 0
github.com/colussim/GoLC/pkg/scanner/scanner.go:104.3,104.42 1 0
github.com/colussim/GoLC/pkg/scanner/scanner.go:104.42,106.12 2 0
github.com/colussim/GoLC/pkg/scanner/scanner.go:109.3,109.21 1 0
github.com/colussim/GoLC/pkg/scanner/scanner.go:112.2,114.34 2 0
github.com/colussim/GoLC/pkg/scanner/scanner.go:117.101,120.53 2 0
github.com/colussim/GoLC/pkg/scanner/scanner.go:120.53,122.49 2 0
github.com/colussim/GoLC/pkg/scanner/scanner.go:122.49,124.4 1 0
github.com/colussim/GoLC/pkg/scanner/scanner.go:127.2,127.18 1 0
github.com/colussim/GoLC/pkg/scanner/scanner.go:130.78,132.2 1 0
github.com/colussim/GoLC/pkg/scanner/scanner.go:134.87,137.43 2 0
github.com/colussim/GoLC/pkg/scanner/scanner.go:137.43,138.43 1 0
github.com/colussim/GoLC/pkg/scanner/scanner.go:138.43,140.4 1 0
github.com/colussim/GoLC/pkg/scanner/scanner.go:143.2,143.14 1 0
github.com/colussim/GoLC/pkg/scanner/scanner.go:146.50,148.2 1 0
github.com/colussim/GoLC/pkg/scanner/summary.go:29.59,36.33 2 0
github.com/colussim/GoLC/pkg/scanner/summary.go:36.33,38.51 2 0
github.com/colussim/GoLC/pkg/scanner/summary.go:38.51,43.4 4 0
github.com/colussim/GoLC/pkg/scanner/summary.go:43.9,50.4 1 0
github.com/colussim/GoLC/pkg/scanner/summary.go:52.3,63.43 6 0
github.com/colussim/GoLC/pkg/scanner/summary.go:66.2,66.16 1 0
github.com/colussim/GoLC/pkg/utils/annalyse.go:14.65,16.16 2 0
github.com/colussim/GoLC/pkg/utils/annalyse.go:16.16,18.3 1 0
github.com/colussim/GoLC/pkg/utils/annalyse.go:19.2,27.21 4 0
github.com/colussim/GoLC/pkg/utils/annalyse.go:27.21,30.22 3 0
github.com/colussim/GoLC/pkg/utils/annalyse.go:30.22,33.4 1 0
github.com/colussim/GoLC/pkg/utils/annalyse.go:33.9,33.29 1 0
github.com/colussim/GoLC/pkg/utils/annalyse.go:33.29,36.4 1 0
github.com/colussim/GoLC/pkg/utils/annalyse.go:39.2,39.38 1 0
github.com/colussim/GoLC/pkg/utils/annalyse.go:39.38,41.3 1 0
github.com/colussim/GoLC/pkg/utils/annalyse.go:43.2,43.27 1 0
github.com/colussim/GoLC/pkg/utils/convert_to_map.go:3.49,6.24 2 0
github.com/colussim/GoLC/pkg/utils/convert_to_map.go:6.24,8.3 1 0
github.com/colussim/GoLC/pkg/utils/convert_to_map.go:10.2,10.11 1 0
github.com/colussim/GoLC/pkg/utils/display_format.go:5.36,13.9 2 0
github.com/colussim/GoLC/pkg/utils/display_format.go:14.23,15.35 1 0
github.com/colussim/GoLC/pkg/utils/display_format.go:16.23,17.56 1 0
github.com/colussim/GoLC/pkg/utils/display_format.go:18.23,19.56 1 0
github.com/colussim/GoLC/pkg/utils/display_format.go:20.10,21.56 1 0
github.com/colussim/GoLC/pkg/utils/display_format.go:25.47,26.25 1 0
github.com/colussim/GoLC/pkg/utils/display_format.go:26.25,28.3 1 0
github.com/colussim/GoLC/pkg/utils/display_format.go:28.8,28.29 1 0
github.com/colussim/GoLC/pkg/utils/display_format.go:28.29,30.3 1 0
github.com/colussim/GoLC/pkg/utils/display_format.go:30.8,32.3 1 0
github.com/colussim/GoLC/pkg/utils/filetest.go:10.44,13.2 2 0
github.com/colussim/GoLC/pkg/utils/filetest.go:15.54,17.16 2 0
github.com/colussim/GoLC/pkg/utils/filetest.go:17.16,19.3 1 0
github.com/colussim/GoLC/pkg/utils/filetest.go:21.2,21.34 1 0
github.com/colussim/GoLC/pkg/utils/filetest.go:24.76,26.16 2 0
github.com/colussim/GoLC/pkg/utils/filetest.go:26.16,28.3 1 0
github.com/colussim/GoLC/pkg/utils/filetest.go:29.2,33.21 3 0
github.com/colussim/GoLC/pkg/utils/filetest.go:33.21,35.37 2 0
github.com/colussim/GoLC/pkg/utils/filetest.go:35.37,37.4 1 0
github.com/colussim/GoLC/pkg/utils/filetest.go:40.2,40.38 1 0
github.com/colussim/GoLC/pkg/utils/filetest.go:40.38,42.3 1 0
github.com/colussim/GoLC/pkg/utils/filetest.go:44.2,44.19 1 0
github.com/colussim/GoLC/pkg/utils/filetest.go:47.77,49.31 1 0
github.com/colussim/GoLC/pkg/utils/filetest.go:49.31,51.17 2 0
github.com/colussim/GoLC/pkg/utils/filetest.go:51.17,54.4 2 0
github.com/colussim/GoLC/pkg/utils/filetest.go:56.3,56.14 1 0
github.com/colussim/GoLC/pkg/utils/filetest.go:56.14,59.4 1 0
github.com/colussim/GoLC/pkg/utils/filetest.go:59.9,62.18 2 0
github.com/colussim/GoLC/pkg/utils/filetest.go:62.18,65.5 2 0
github.com/colussim/GoLC/pkg/utils/filetest.go:67.4,67.13 1 0
github.com/colussim/GoLC/pkg/utils/filetest.go:67.13,70.5 1 0
github.com/colussim/GoLC/pkg/utils/filetest.go:70.10,72.5 1 0
github.com/colussim/GoLC/pkg/utils/filetest.go:74.8,77.3 1 0
github.com/colussim/GoLC/pkg/reporter/prompt/prompt_reporter.go:14.87,27.39 5 0
github.com/colussim/GoLC/pkg/reporter/prompt/prompt_reporter.go:27.39,36.3 1 0
github.com/colussim/GoLC/pkg/reporter/prompt/prompt_reporter.go:38.2,49.12 3 0
github.com/colussim/GoLC/pkg/reporter/prompt/prompt_reporter.go:52.83,64.39 5 0
github.com/colussim/GoLC/pkg/reporter/prompt/prompt_reporter.go:64.39,72.3 1 0
github.com/colussim/GoLC/pkg/reporter/prompt/prompt_reporter.go:74.2,84.12 3 0
github.com/colussim/GoLC/pkg/sorter/file_sorter.go:14.49,20.2 1 0
github.com/colussim/GoLC/pkg/sorter/file_sorter.go:22.78,34.2 3 0
github.com/colussim/GoLC/pkg/sorter/file_sorter.go:36.79,48.2 3 0
github.com/colussim/GoLC/pkg/sorter/file_sorter.go:50.75,62.2 3 0
github.com/colussim/GoLC/pkg/sorter/file_sorter.go:64.78,76.2 3 0
github.com/colussim/GoLC/pkg/sorter/file_sorter.go:78.80,90.2 3 0
github.com/colussim/GoLC/pkg/sorter/file_sorter.go:92.67,95.39 2 0
github.com/colussim/GoLC/pkg/sorter/file_sorter.go:95.39,103.3 1 0
github.com/colussim/GoLC/pkg/sorter/file_sorter.go:105.2,105.16 1 0
github.com/colussim/GoLC/pkg/sorter/file_sorter.go:108.54,109.26 1 0
github.com/colussim/GoLC/pkg/sorter/file_sorter.go:109.26,110.43 1 0
github.com/colussim/GoLC/pkg/sorter/file_sorter.go:110.43,114.4 3 0
github.com/colussim/GoLC/pkg/sorter/file_sorter.go:115.8,115.34 1 0
github.com/colussim/GoLC/pkg/sorter/file_sorter.go:115.34,116.43 1 0
github.com/colussim/GoLC/pkg/sorter/file_sorter.go:116.43,120.4 3 0
github.com/colussim/GoLC/pkg/sorter/language_sorter.go:14.57,20.2 1 0
github.com/colussim/GoLC/pkg/sorter/language_sorter.go:22.82,26.43 3 0
github.com/colussim/GoLC/pkg/sorter/language_sorter.go:26.43,35.3 2 0
github.com/colussim/GoLC/pkg/sorter/language_sorter.go:37.2,45.3 1 0
github.com/colussim/GoLC/pkg/sorter/language_sorter.go:48.83,62.2 3 0
github.com/colussim/GoLC/pkg/sorter/language_sorter.go:64.79,78.2 3 0
github.com/colussim/GoLC/pkg/sorter/language_sorter.go:80.82,94.2 3 0
github.com/colussim/GoLC/pkg/sorter/language_sorter.go:96.84,110.2 3 0
github.com/colussim/GoLC/pkg/sorter/language_sorter.go:112.79,115.26 2 0
github.com/colussim/GoLC/pkg/sorter/language_sorter.go:115.26,116.43 1 0
github.com/colussim/GoLC/pkg/sorter/language_sorter.go:116.43,120.4 3 0
github.com/colussim/GoLC/pkg/sorter/language_sorter.go:121.8,121.34 1 0
github.com/colussim/GoLC/pkg/sorter/language_sorter.go:121.34,122.43 1 0
github.com/colussim/GoLC/pkg/sorter/language_sorter.go:122.43,126.4 3 0
github.com/colussim/GoLC/pkg/sorter/language_sorter.go:129.2,137.3 1 0
github.com/colussim/GoLC/pkg/sorter/language_sorter.go:140.74,143.42 2 0
github.com/colussim/GoLC/pkg/sorter/language_sorter.go:143.42,145.3 1 0
github.com/colussim/GoLC/pkg/sorter/language_sorter.go:147.2,147.26 1 0
github.com/colussim/GoLC/pkg/sorter/language_sorter.go:147.26,149.3 1 0
github.com/colussim/GoLC/pkg/sorter/language_sorter.go:149.8,149.34 1 0
github.com/colussim/GoLC/pkg/sorter/language_sorter.go:149.34,151.3 1 0
github.com/colussim/GoLC/pkg/sorter/language_sorter.go:153.2,153.18 1 0
github.com/colussim/GoLC/pkg/sorter/language_sorter.go:156.71,159.50 2 0
github.com/colussim/GoLC/pkg/sorter/language_sorter.go:159.50,167.3 1 0
github.com/colussim/GoLC/pkg/sorter/language_sorter.go:169.2,169.16 1 0
github.com/colussim/GoLC/pkg/sorter/sorter.go:39.55,40.26 1 0
github.com/colussim/GoLC/pkg/sorter/sorter.go:40.26,41.43 1 0
github.com/colussim/GoLC/pkg/sorter/sorter.go:41.43,45.4 3 0
github.com/colussim/GoLC/pkg/sorter/sorter.go:46.8,46.34 1 0
github.com/colussim/GoLC/pkg/sorter/sorter.go:46.34,47.43 1 0
github.com/colussim/GoLC/pkg/sorter/sorter.go:47.43,51.4 3 0
github.com/colussim/GoLC/pkg/sorter/sorter.go:55.51,56.26 1 0
github.com/colussim/GoLC/pkg/sorter/sorter.go:56.26,57.43 1 0
github.com/colussim/GoLC/pkg/sorter/sorter.go:57.43,61.4 3 0
github.com/colussim/GoLC/pkg/sorter/sorter.go:62.8,62.34 1 0
github.com/colussim/GoLC/pkg/sorter/sorter.go:62.34,63.43 1 0
github.com/colussim/GoLC/pkg/sorter/sorter.go:63.43,67.4 3 0
github.com/colussim/GoLC/pkg/sorter/sorter.go:71.54,72.26 1 0
github.com/colussim/GoLC/pkg/sorter/sorter.go:72.26,73.43 1 0
github.com/colussim/GoLC/pkg/sorter/sorter.go:73.43,77.4 3 0
github.com/colussim/GoLC/pkg/sorter/sorter.go:78.8,78.34 1 0
github.com/colussim/GoLC/pkg/sorter/sorter.go:78.34,79.43 1 0
github.com/colussim/GoLC/pkg/sorter/sorter.go:79.43,83.4 3 0
github.com/colussim/GoLC/pkg/sorter/sorter.go:87.56,88.26 1 0
github.com/colussim/GoLC/pkg/sorter/sorter.go:88.26,89.43 1 0
github.com/colussim/GoLC/pkg/sorter/sorter.go:89.43,93.4 3 0
github.com/colussim/GoLC/pkg/sorter/sorter.go:94.8,94.34 1 0
github.com/colussim/GoLC/pkg/sorter/sorter.go:94.34,95.43 1 0
github.com/colussim/GoLC/pkg/sorter/sorter.go:95.43,99.4 3 0
